#
# There is insufficient memory for the Java Runtime Environment to continue.
# Native memory allocation (malloc) failed to allocate 1515056 bytes for Chunk::new
# Possible reasons:
#   The system is out of physical RAM or swap space
#   The process is running with CompressedOops enabled, and the Java Heap may be blocking the growth of the native heap
# Possible solutions:
#   Reduce memory load on the system
#   Increase physical memory or swap space
#   Check if swap backing store is full
#   Decrease Java heap size (-Xmx/-Xms)
#   Decrease number of Java threads
#   Decrease Java thread stack sizes (-Xss)
#   Set larger code cache with -XX:ReservedCodeCacheSize=
#   JVM is running with Unscaled Compressed Oops mode in which the Java heap is
#     placed in the first 4GB address space. The Java Heap base address is the
#     maximum limit for the native heap growth. Please use -XX:HeapBaseMinAddress
#     to set the Java Heap base and to place the Java Heap above 4GB virtual address.
# This output file may be truncated or incomplete.
#
#  Out of Memory Error (./src/hotspot/share/memory/arena.cpp:197), pid=15268, tid=9160
#
# JRE version: OpenJDK Runtime Environment (11.0.11+9) (build 11.0.11+9-b60-7590822)
# Java VM: OpenJDK 64-Bit Server VM (11.0.11+9-b60-7590822, mixed mode, tiered, compressed oops, g1 gc, windows-amd64)
# No core dump will be written. Minidumps are not enabled by default on client versions of Windows
#

---------------  S U M M A R Y ------------

Command Line: --add-opens=java.base/java.util=ALL-UNNAMED --add-opens=java.base/java.lang=ALL-UNNAMED --add-opens=java.base/java.lang.invoke=ALL-UNNAMED --add-opens=java.base/java.util=ALL-UNNAMED --add-opens=java.prefs/java.util.prefs=ALL-UNNAMED --add-opens=java.prefs/java.util.prefs=ALL-UNNAMED --add-opens=java.base/java.nio.charset=ALL-UNNAMED --add-opens=java.base/java.net=ALL-UNNAMED --add-opens=java.base/java.util.concurrent.atomic=ALL-UNNAMED -Xmx2048m -Dfile.encoding=UTF-8 -Duser.country=CN -Duser.language=zh -Duser.variant org.gradle.launcher.daemon.bootstrap.GradleDaemon 7.0.2

Host: Intel(R) Core(TM) i5-8400 CPU @ 2.80GHz, 6 cores, 7G,  Windows 10 , 64 bit Build 19041 (10.0.19041.1645)
Time: Wed Apr 20 20:57:00 2022 中国标准时间 elapsed time: 704.635963 seconds (0d 0h 11m 44s)

---------------  T H R E A D  ---------------

Current thread (0x000002a0c8e52000):  JavaThread "C2 CompilerThread0" daemon [_thread_in_native, id=9160, stack(0x000000dece000000,0x000000dece100000)]


Current CompileTask:
C2: 704636 17742       4       org.gradle.internal.vfs.impl.DefaultFileSystemAccess::readSnapshotFromLocation (27 bytes)

Stack: [0x000000dece000000,0x000000dece100000]
Native frames: (J=compiled Java code, j=interpreted, Vv=VM code, C=native code)
V  [jvm.dll+0x5f214a]
V  [jvm.dll+0x726fb5]
V  [jvm.dll+0x7285cd]
V  [jvm.dll+0x728c83]
V  [jvm.dll+0x243278]
V  [jvm.dll+0xbc53c]
V  [jvm.dll+0xbca3c]
V  [jvm.dll+0x353e7d]
V  [jvm.dll+0x321893]
V  [jvm.dll+0x320d8a]
V  [jvm.dll+0x1fc1e2]
V  [jvm.dll+0x1fb3d4]
V  [jvm.dll+0x183d6c]
V  [jvm.dll+0x209a57]
V  [jvm.dll+0x2082a1]
V  [jvm.dll+0x6ef58f]
V  [jvm.dll+0x6e80b5]
V  [jvm.dll+0x5f1036]
C  [ucrtbase.dll+0x21bb2]
C  [KERNEL32.DLL+0x17034]
C  [ntdll.dll+0x52651]


---------------  P R O C E S S  ---------------

Threads class SMR info:
_java_thread_list=0x000002a0cf3d9ce0, length=53, elements={
0x000002a0ace0b000, 0x000002a0c8e1c000, 0x000002a0c8e1d800, 0x000002a0c8e4b000,
0x000002a0c8e4c000, 0x000002a0c8e4f000, 0x000002a0c8e52000, 0x000002a0c8e53800,
0x000002a0c96cf800, 0x000002a0c982e000, 0x000002a0cac68800, 0x000002a0cabd4800,
0x000002a0cc118000, 0x000002a0ccccc800, 0x000002a0cccc9800, 0x000002a0cccce000,
0x000002a0ccccc000, 0x000002a0cccd0000, 0x000002a0cccca000, 0x000002a0ccccb000,
0x000002a0cc353000, 0x000002a0cc352800, 0x000002a0cc357800, 0x000002a0cc355800,
0x000002a0cc356800, 0x000002a0cc35e000, 0x000002a0d2531000, 0x000002a0d252e800,
0x000002a0d2532800, 0x000002a0d2535000, 0x000002a0d252f000, 0x000002a0d253a000,
0x000002a0d2538000, 0x000002a0d2539000, 0x000002a0d2535800, 0x000002a0d2537800,
0x000002a0d253a800, 0x000002a0d253b800, 0x000002a0d253c000, 0x000002a0d2536800,
0x000002a0d253d000, 0x000002a0cc354000, 0x000002a0cc359000, 0x000002a0cc35d000,
0x000002a0cc358000, 0x000002a0cc35c000, 0x000002a0cc35e800, 0x000002a0cc35f800,
0x000002a0cc35a800, 0x000002a0cc361000, 0x000002a0cc35b800, 0x000002a0ccccf000,
0x000002a0ccccd800
}

Java Threads: ( => current thread )
  0x000002a0ace0b000 JavaThread "main" [_thread_blocked, id=13892, stack(0x000000decd400000,0x000000decd500000)]
  0x000002a0c8e1c000 JavaThread "Reference Handler" daemon [_thread_blocked, id=14168, stack(0x000000decdb00000,0x000000decdc00000)]
  0x000002a0c8e1d800 JavaThread "Finalizer" daemon [_thread_blocked, id=8972, stack(0x000000decdc00000,0x000000decdd00000)]
  0x000002a0c8e4b000 JavaThread "Signal Dispatcher" daemon [_thread_blocked, id=9856, stack(0x000000decdd00000,0x000000decde00000)]
  0x000002a0c8e4c000 JavaThread "Attach Listener" daemon [_thread_blocked, id=3752, stack(0x000000decde00000,0x000000decdf00000)]
  0x000002a0c8e4f000 JavaThread "Service Thread" daemon [_thread_blocked, id=15900, stack(0x000000decdf00000,0x000000dece000000)]
=>0x000002a0c8e52000 JavaThread "C2 CompilerThread0" daemon [_thread_in_native, id=9160, stack(0x000000dece000000,0x000000dece100000)]
  0x000002a0c8e53800 JavaThread "C1 CompilerThread0" daemon [_thread_blocked, id=16564, stack(0x000000dece100000,0x000000dece200000)]
  0x000002a0c96cf800 JavaThread "Sweeper thread" daemon [_thread_blocked, id=7340, stack(0x000000dece200000,0x000000dece300000)]
  0x000002a0c982e000 JavaThread "Common-Cleaner" daemon [_thread_blocked, id=4740, stack(0x000000dece300000,0x000000dece400000)]
  0x000002a0cac68800 JavaThread "Daemon health stats" [_thread_blocked, id=18124, stack(0x000000dece800000,0x000000dece900000)]
  0x000002a0cabd4800 JavaThread "Incoming local TCP Connector on port 61321" [_thread_in_native, id=10360, stack(0x000000dece500000,0x000000dece600000)]
  0x000002a0cc118000 JavaThread "Daemon periodic checks" [_thread_blocked, id=11800, stack(0x000000dece900000,0x000000decea00000)]
  0x000002a0ccccc800 JavaThread "Cache worker for file hash cache (C:\Users\Administrator\.gradle\caches\7.0.2\fileHashes)" [_thread_blocked, id=292, stack(0x000000decf500000,0x000000decf600000)]
  0x000002a0cccc9800 JavaThread "File lock request listener" [_thread_in_native, id=16160, stack(0x000000decf600000,0x000000decf700000)]
  0x000002a0cccce000 JavaThread "Cache worker for journal cache (C:\Users\Administrator\.gradle\caches\journal-1)" [_thread_blocked, id=5092, stack(0x000000decf800000,0x000000decf900000)]
  0x000002a0ccccc000 JavaThread "File watcher server" daemon [_thread_in_native, id=11276, stack(0x000000decfa00000,0x000000decfb00000)]
  0x000002a0cccd0000 JavaThread "File watcher consumer" daemon [_thread_blocked, id=8308, stack(0x000000decfb00000,0x000000decfc00000)]
  0x000002a0cccca000 JavaThread "jar transforms" [_thread_blocked, id=17660, stack(0x000000decfc00000,0x000000decfd00000)]
  0x000002a0ccccb000 JavaThread "jar transforms Thread 2" [_thread_blocked, id=12380, stack(0x000000decfd00000,0x000000decfe00000)]
  0x000002a0cc353000 JavaThread "jar transforms Thread 3" [_thread_blocked, id=14972, stack(0x000000decfe00000,0x000000decff00000)]
  0x000002a0cc352800 JavaThread "jar transforms Thread 4" [_thread_blocked, id=15440, stack(0x000000decff00000,0x000000ded0000000)]
  0x000002a0cc357800 JavaThread "jar transforms Thread 5" [_thread_blocked, id=6164, stack(0x000000ded0000000,0x000000ded0100000)]
  0x000002a0cc355800 JavaThread "jar transforms Thread 6" [_thread_blocked, id=6672, stack(0x000000ded0100000,0x000000ded0200000)]
  0x000002a0cc356800 JavaThread "Cache worker for execution history cache (C:\Users\Administrator\.gradle\caches\7.0.2\executionHistory)" [_thread_blocked, id=13572, stack(0x000000ded0500000,0x000000ded0600000)]
  0x000002a0cc35e000 JavaThread "Cache worker for file content cache (C:\Users\Administrator\.gradle\caches\7.0.2\fileContent)" [_thread_blocked, id=3340, stack(0x000000ded0600000,0x000000ded0700000)]
  0x000002a0d2531000 JavaThread "Memory manager" [_thread_blocked, id=9848, stack(0x000000ded0f00000,0x000000ded1000000)]
  0x000002a0d252e800 JavaThread "Daemon Thread 2" [_thread_blocked, id=4116, stack(0x000000decd100000,0x000000decd200000)]
  0x000002a0d2532800 JavaThread "Daemon worker Thread 2" [_thread_blocked, id=7292, stack(0x000000decea00000,0x000000deceb00000)]
  0x000002a0d2535000 JavaThread "Handler for socket connection from /127.0.0.1:61321 to /127.0.0.1:61581" [_thread_in_native, id=4944, stack(0x000000decd200000,0x000000decd300000)]
  0x000002a0d252f000 JavaThread "Cancel handler" [_thread_blocked, id=10996, stack(0x000000decd300000,0x000000decd400000)]
  0x000002a0d253a000 JavaThread "Asynchronous log dispatcher for DefaultDaemonConnection: socket connection from /127.0.0.1:61321 to /127.0.0.1:61581" [_thread_blocked, id=18120, stack(0x000000decee00000,0x000000decef00000)]
  0x000002a0d2538000 JavaThread "Stdin handler" [_thread_blocked, id=17060, stack(0x000000decef00000,0x000000decf000000)]
  0x000002a0d2539000 JavaThread "Daemon client event forwarder" [_thread_blocked, id=11632, stack(0x000000decf000000,0x000000decf100000)]
  0x000002a0d2535800 JavaThread "Cache worker for file hash cache (C:\Users\Administrator\AndroidStudioProjects\MyApplication2\.gradle\7.0.2\fileHashes)" [_thread_blocked, id=12488, stack(0x000000decf100000,0x000000decf200000)]
  0x000002a0d2537800 JavaThread "Cache worker for checksums cache (C:\Users\Administrator\AndroidStudioProjects\MyApplication2\.gradle\checksums)" [_thread_blocked, id=14508, stack(0x000000decf200000,0x000000decf300000)]
  0x000002a0d253a800 JavaThread "Cache worker for cache directory md-supplier (C:\Users\Administrator\.gradle\caches\7.0.2\md-supplier)" [_thread_blocked, id=16992, stack(0x000000decf300000,0x000000decf400000)]
  0x000002a0d253b800 JavaThread "Cache worker for cache directory md-rule (C:\Users\Administrator\.gradle\caches\7.0.2\md-rule)" [_thread_blocked, id=16584, stack(0x000000decf400000,0x000000decf500000)]
  0x000002a0d253c000 JavaThread "Cache worker for dependencies-accessors (C:\Users\Administrator\AndroidStudioProjects\MyApplication2\.gradle\7.0.2\dependencies-accessors)" [_thread_blocked, id=15864, stack(0x000000decf900000,0x000000decfa00000)]
  0x000002a0d2536800 JavaThread "Cache worker for Build Output Cleanup Cache (C:\Users\Administrator\AndroidStudioProjects\MyApplication2\.gradle\buildOutputCleanup)" [_thread_blocked, id=17568, stack(0x000000ded0200000,0x000000ded0300000)]
  0x000002a0d253d000 JavaThread "Build operations" [_thread_blocked, id=12800, stack(0x000000ded0300000,0x000000ded0400000)]
  0x000002a0cc354000 JavaThread "Build operations Thread 2" [_thread_blocked, id=17064, stack(0x000000ded0400000,0x000000ded0500000)]
  0x000002a0cc359000 JavaThread "Build operations Thread 3" [_thread_blocked, id=14796, stack(0x000000ded0700000,0x000000ded0800000)]
  0x000002a0cc35d000 JavaThread "Build operations Thread 4" [_thread_blocked, id=6284, stack(0x000000ded0800000,0x000000ded0900000)]
  0x000002a0cc358000 JavaThread "Build operations Thread 5" [_thread_blocked, id=16200, stack(0x000000ded0900000,0x000000ded0a00000)]
  0x000002a0cc35c000 JavaThread "Build operations Thread 6" [_thread_blocked, id=14264, stack(0x000000ded0a00000,0x000000ded0b00000)]
  0x000002a0cc35e800 JavaThread "build event listener" [_thread_blocked, id=11344, stack(0x000000ded0b00000,0x000000ded0c00000)]
  0x000002a0cc35f800 JavaThread "Execution worker for ':'" [_thread_in_native, id=1828, stack(0x000000ded0c00000,0x000000ded0d00000)]
  0x000002a0cc35a800 JavaThread "Execution worker for ':' Thread 2" [_thread_blocked, id=16068, stack(0x000000ded0d00000,0x000000ded0e00000)]
  0x000002a0cc361000 JavaThread "Execution worker for ':' Thread 3" [_thread_blocked, id=8444, stack(0x000000ded0e00000,0x000000ded0f00000)]
  0x000002a0cc35b800 JavaThread "Execution worker for ':' Thread 4" [_thread_blocked, id=7844, stack(0x000000ded1000000,0x000000ded1100000)]
  0x000002a0ccccf000 JavaThread "Execution worker for ':' Thread 5" [_thread_blocked, id=6696, stack(0x000000ded1100000,0x000000ded1200000)]
  0x000002a0ccccd800 JavaThread "Cache worker for execution history cache (C:\Users\Administrator\AndroidStudioProjects\MyApplication2\.gradle\7.0.2\executionHistory)" [_thread_blocked, id=14592, stack(0x000000ded1200000,0x000000ded1300000)]

Other Threads:
  0x000002a0c8e18800 VMThread "VM Thread" [stack: 0x000000decda00000,0x000000decdb00000] [id=14280]
  0x000002a0c9843000 WatcherThread [stack: 0x000000dece400000,0x000000dece500000] [id=16304]
  0x000002a0ace23800 GCTaskThread "GC Thread#0" [stack: 0x000000decd500000,0x000000decd600000] [id=9264]
  0x000002a0c9bc3800 GCTaskThread "GC Thread#1" [stack: 0x000000dece600000,0x000000dece700000] [id=784]
  0x000002a0ca3e0800 GCTaskThread "GC Thread#2" [stack: 0x000000dece700000,0x000000dece800000] [id=14928]
  0x000002a0cad20000 GCTaskThread "GC Thread#3" [stack: 0x000000deceb00000,0x000000decec00000] [id=9964]
  0x000002a0cad21000 GCTaskThread "GC Thread#4" [stack: 0x000000decec00000,0x000000deced00000] [id=15960]
  0x000002a0cb0a8000 GCTaskThread "GC Thread#5" [stack: 0x000000deced00000,0x000000decee00000] [id=8740]
  0x000002a0ace58000 ConcurrentGCThread "G1 Main Marker" [stack: 0x000000decd600000,0x000000decd700000] [id=15840]
  0x000002a0ace59800 ConcurrentGCThread "G1 Conc#0" [stack: 0x000000decd700000,0x000000decd800000] [id=15928]
  0x000002a0cc296800 ConcurrentGCThread "G1 Conc#1" [stack: 0x000000decf700000,0x000000decf800000] [id=16684]
  0x000002a0aceee000 ConcurrentGCThread "G1 Refine#0" [stack: 0x000000decd800000,0x000000decd900000] [id=14604]
  0x000002a0c8c60800 ConcurrentGCThread "G1 Young RemSet Sampling" [stack: 0x000000decd900000,0x000000decda00000] [id=11320]

Threads with active compile tasks:
C2 CompilerThread0 706435 17742       4       org.gradle.internal.vfs.impl.DefaultFileSystemAccess::readSnapshotFromLocation (27 bytes)

VM state:not at safepoint (normal execution)

VM Mutex/Monitor currently owned by a thread: None

Heap address: 0x0000000080000000, size: 2048 MB, Compressed Oops mode: 32-bit
Narrow klass base: 0x0000000000000000, Narrow klass shift: 3
Compressed class space size: 1073741824 Address: 0x0000000100000000

Heap:
 garbage-first heap   total 270336K, used 162293K [0x0000000080000000, 0x0000000100000000)
  region size 1024K, 10 young (10240K), 2 survivors (2048K)
 Metaspace       used 118695K, capacity 122167K, committed 122368K, reserved 1155072K
  class space    used 14854K, capacity 16063K, committed 16128K, reserved 1048576K
Heap Regions: E=young(eden), S=young(survivor), O=old, HS=humongous(starts), HC=humongous(continues), CS=collection set, F=free, A=archive, TAMS=top-at-mark-start (previous, next)
|   0|0x0000000080000000, 0x0000000080100000, 0x0000000080100000|100%| O|  |TAMS 0x0000000080100000, 0x0000000080000000| Untracked 
|   1|0x0000000080100000, 0x0000000080200000, 0x0000000080200000|100%| O|  |TAMS 0x0000000080200000, 0x0000000080100000| Untracked 
|   2|0x0000000080200000, 0x0000000080300000, 0x0000000080300000|100%| O|  |TAMS 0x0000000080300000, 0x0000000080200000| Untracked 
|   3|0x0000000080300000, 0x0000000080400000, 0x0000000080400000|100%|HS|  |TAMS 0x0000000080400000, 0x0000000080300000| Complete 
|   4|0x0000000080400000, 0x0000000080500000, 0x0000000080500000|100%|HC|  |TAMS 0x0000000080500000, 0x0000000080400000| Complete 
|   5|0x0000000080500000, 0x0000000080600000, 0x0000000080600000|100%|HC|  |TAMS 0x0000000080600000, 0x0000000080500000| Complete 
|   6|0x0000000080600000, 0x0000000080700000, 0x0000000080700000|100%| O|  |TAMS 0x0000000080700000, 0x0000000080600000| Untracked 
|   7|0x0000000080700000, 0x0000000080800000, 0x0000000080800000|100%| O|  |TAMS 0x0000000080800000, 0x0000000080700000| Complete 
|   8|0x0000000080800000, 0x0000000080900000, 0x0000000080900000|100%| O|  |TAMS 0x0000000080900000, 0x0000000080800000| Untracked 
|   9|0x0000000080900000, 0x0000000080a00000, 0x0000000080a00000|100%| O|  |TAMS 0x0000000080a00000, 0x0000000080900000| Complete 
|  10|0x0000000080a00000, 0x0000000080b00000, 0x0000000080b00000|100%| O|  |TAMS 0x0000000080b00000, 0x0000000080a00000| Untracked 
|  11|0x0000000080b00000, 0x0000000080c00000, 0x0000000080c00000|100%| O|  |TAMS 0x0000000080c00000, 0x0000000080b00000| Untracked 
|  12|0x0000000080c00000, 0x0000000080d00000, 0x0000000080d00000|100%| O|  |TAMS 0x0000000080d00000, 0x0000000080c00000| Untracked 
|  13|0x0000000080d00000, 0x0000000080e00000, 0x0000000080e00000|100%| O|  |TAMS 0x0000000080e00000, 0x0000000080d00000| Untracked 
|  14|0x0000000080e00000, 0x0000000080f00000, 0x0000000080f00000|100%| O|  |TAMS 0x0000000080f00000, 0x0000000080e00000| Untracked 
|  15|0x0000000080f00000, 0x0000000081000000, 0x0000000081000000|100%| O|  |TAMS 0x0000000081000000, 0x0000000080f00000| Complete 
|  16|0x0000000081000000, 0x0000000081100000, 0x0000000081100000|100%|HS|  |TAMS 0x0000000081100000, 0x0000000081000000| Complete 
|  17|0x0000000081100000, 0x0000000081200000, 0x0000000081200000|100%|HC|  |TAMS 0x0000000081200000, 0x0000000081100000| Complete 
|  18|0x0000000081200000, 0x0000000081300000, 0x0000000081300000|100%|HS|  |TAMS 0x0000000081300000, 0x0000000081200000| Complete 
|  19|0x0000000081300000, 0x0000000081400000, 0x0000000081400000|100%|HC|  |TAMS 0x0000000081400000, 0x0000000081300000| Complete 
|  20|0x0000000081400000, 0x0000000081500000, 0x0000000081500000|100%|HC|  |TAMS 0x0000000081500000, 0x0000000081400000| Complete 
|  21|0x0000000081500000, 0x0000000081600000, 0x0000000081600000|100%|HS|  |TAMS 0x0000000081600000, 0x0000000081500000| Complete 
|  22|0x0000000081600000, 0x0000000081700000, 0x0000000081700000|100%|HC|  |TAMS 0x0000000081700000, 0x0000000081600000| Complete 
|  23|0x0000000081700000, 0x0000000081800000, 0x0000000081800000|100%|HC|  |TAMS 0x0000000081800000, 0x0000000081700000| Complete 
|  24|0x0000000081800000, 0x0000000081900000, 0x0000000081900000|100%|HC|  |TAMS 0x0000000081900000, 0x0000000081800000| Complete 
|  25|0x0000000081900000, 0x0000000081a00000, 0x0000000081a00000|100%| O|  |TAMS 0x0000000081a00000, 0x0000000081900000| Untracked 
|  26|0x0000000081a00000, 0x0000000081b00000, 0x0000000081b00000|100%| O|  |TAMS 0x0000000081b00000, 0x0000000081a00000| Untracked 
|  27|0x0000000081b00000, 0x0000000081c00000, 0x0000000081c00000|100%| O|  |TAMS 0x0000000081c00000, 0x0000000081b00000| Untracked 
|  28|0x0000000081c00000, 0x0000000081d00000, 0x0000000081d00000|100%| O|  |TAMS 0x0000000081d00000, 0x0000000081c00000| Untracked 
|  29|0x0000000081d00000, 0x0000000081e00000, 0x0000000081e00000|100%| O|  |TAMS 0x0000000081e00000, 0x0000000081d00000| Untracked 
|  30|0x0000000081e00000, 0x0000000081f00000, 0x0000000081f00000|100%| O|  |TAMS 0x0000000081f00000, 0x0000000081e00000| Untracked 
|  31|0x0000000081f00000, 0x0000000082000000, 0x0000000082000000|100%| O|  |TAMS 0x0000000082000000, 0x0000000081f00000| Untracked 
|  32|0x0000000082000000, 0x0000000082100000, 0x0000000082100000|100%| O|  |TAMS 0x0000000082100000, 0x0000000082000000| Untracked 
|  33|0x0000000082100000, 0x0000000082200000, 0x0000000082200000|100%| O|  |TAMS 0x0000000082200000, 0x0000000082100000| Untracked 
|  34|0x0000000082200000, 0x0000000082300000, 0x0000000082300000|100%| O|  |TAMS 0x0000000082300000, 0x0000000082200000| Untracked 
|  35|0x0000000082300000, 0x0000000082400000, 0x0000000082400000|100%| O|  |TAMS 0x0000000082400000, 0x0000000082300000| Untracked 
|  36|0x0000000082400000, 0x0000000082500000, 0x0000000082500000|100%| O|  |TAMS 0x0000000082500000, 0x0000000082400000| Untracked 
|  37|0x0000000082500000, 0x0000000082600000, 0x0000000082600000|100%| O|  |TAMS 0x0000000082600000, 0x0000000082500000| Untracked 
|  38|0x0000000082600000, 0x0000000082700000, 0x0000000082700000|100%| O|  |TAMS 0x0000000082700000, 0x0000000082600000| Untracked 
|  39|0x0000000082700000, 0x0000000082800000, 0x0000000082800000|100%| O|  |TAMS 0x0000000082800000, 0x0000000082700000| Untracked 
|  40|0x0000000082800000, 0x0000000082900000, 0x0000000082900000|100%| O|  |TAMS 0x0000000082900000, 0x0000000082800000| Untracked 
|  41|0x0000000082900000, 0x0000000082a00000, 0x0000000082a00000|100%| O|  |TAMS 0x0000000082a00000, 0x0000000082900000| Untracked 
|  42|0x0000000082a00000, 0x0000000082b00000, 0x0000000082b00000|100%|HS|  |TAMS 0x0000000082b00000, 0x0000000082a00000| Complete 
|  43|0x0000000082b00000, 0x0000000082c00000, 0x0000000082c00000|100%|HC|  |TAMS 0x0000000082c00000, 0x0000000082b00000| Complete 
|  44|0x0000000082c00000, 0x0000000082d00000, 0x0000000082d00000|100%|HC|  |TAMS 0x0000000082d00000, 0x0000000082c00000| Complete 
|  45|0x0000000082d00000, 0x0000000082e00000, 0x0000000082e00000|100%| O|  |TAMS 0x0000000082e00000, 0x0000000082d00000| Untracked 
|  46|0x0000000082e00000, 0x0000000082f00000, 0x0000000082f00000|100%| O|  |TAMS 0x0000000082f00000, 0x0000000082e00000| Untracked 
|  47|0x0000000082f00000, 0x0000000083000000, 0x0000000083000000|100%| O|  |TAMS 0x0000000083000000, 0x0000000082f00000| Untracked 
|  48|0x0000000083000000, 0x0000000083100000, 0x0000000083100000|100%| O|  |TAMS 0x0000000083100000, 0x0000000083000000| Untracked 
|  49|0x0000000083100000, 0x0000000083200000, 0x0000000083200000|100%| O|  |TAMS 0x0000000083200000, 0x0000000083100000| Untracked 
|  50|0x0000000083200000, 0x0000000083300000, 0x0000000083300000|100%| O|  |TAMS 0x0000000083300000, 0x0000000083200000| Untracked 
|  51|0x0000000083300000, 0x0000000083400000, 0x0000000083400000|100%|HS|  |TAMS 0x0000000083400000, 0x0000000083300000| Complete 
|  52|0x0000000083400000, 0x0000000083500000, 0x0000000083500000|100%|HS|  |TAMS 0x0000000083500000, 0x0000000083400000| Complete 
|  53|0x0000000083500000, 0x0000000083600000, 0x0000000083600000|100%|HS|  |TAMS 0x0000000083600000, 0x0000000083500000| Complete 
|  54|0x0000000083600000, 0x0000000083700000, 0x0000000083700000|100%| O|  |TAMS 0x0000000083700000, 0x0000000083600000| Untracked 
|  55|0x0000000083700000, 0x0000000083800000, 0x0000000083800000|100%|HS|  |TAMS 0x0000000083800000, 0x0000000083700000| Complete 
|  56|0x0000000083800000, 0x0000000083900000, 0x0000000083900000|100%|HC|  |TAMS 0x0000000083900000, 0x0000000083800000| Complete 
|  57|0x0000000083900000, 0x0000000083a00000, 0x0000000083a00000|100%|HC|  |TAMS 0x0000000083a00000, 0x0000000083900000| Complete 
|  58|0x0000000083a00000, 0x0000000083b00000, 0x0000000083b00000|100%|HC|  |TAMS 0x0000000083b00000, 0x0000000083a00000| Complete 
|  59|0x0000000083b00000, 0x0000000083c00000, 0x0000000083c00000|100%| O|  |TAMS 0x0000000083c00000, 0x0000000083b00000| Complete 
|  60|0x0000000083c00000, 0x0000000083d00000, 0x0000000083d00000|100%|HS|  |TAMS 0x0000000083d00000, 0x0000000083c00000| Complete 
|  61|0x0000000083d00000, 0x0000000083e00000, 0x0000000083e00000|100%|HC|  |TAMS 0x0000000083e00000, 0x0000000083d00000| Complete 
|  62|0x0000000083e00000, 0x0000000083f00000, 0x0000000083f00000|100%|HC|  |TAMS 0x0000000083f00000, 0x0000000083e00000| Complete 
|  63|0x0000000083f00000, 0x0000000084000000, 0x0000000084000000|100%|HS|  |TAMS 0x0000000084000000, 0x0000000083f00000| Complete 
|  64|0x0000000084000000, 0x0000000084100000, 0x0000000084100000|100%|HC|  |TAMS 0x0000000084100000, 0x0000000084000000| Complete 
|  65|0x0000000084100000, 0x0000000084200000, 0x0000000084200000|100%| O|  |TAMS 0x0000000084200000, 0x0000000084100000| Complete 
|  66|0x0000000084200000, 0x0000000084300000, 0x0000000084300000|100%| O|  |TAMS 0x0000000084300000, 0x0000000084200000| Untracked 
|  67|0x0000000084300000, 0x0000000084400000, 0x0000000084400000|100%| O|  |TAMS 0x0000000084400000, 0x0000000084300000| Untracked 
|  68|0x0000000084400000, 0x0000000084500000, 0x0000000084500000|100%| O|  |TAMS 0x0000000084500000, 0x0000000084400000| Untracked 
|  69|0x0000000084500000, 0x0000000084600000, 0x0000000084600000|100%| O|  |TAMS 0x0000000084600000, 0x0000000084500000| Complete 
|  70|0x0000000084600000, 0x0000000084700000, 0x0000000084700000|100%| O|  |TAMS 0x0000000084700000, 0x0000000084600000| Complete 
|  71|0x0000000084700000, 0x0000000084800000, 0x0000000084800000|100%| O|  |TAMS 0x0000000084800000, 0x0000000084700000| Untracked 
|  72|0x0000000084800000, 0x0000000084900000, 0x0000000084900000|100%| O|  |TAMS 0x0000000084900000, 0x0000000084800000| Untracked 
|  73|0x0000000084900000, 0x0000000084a00000, 0x0000000084a00000|100%| O|  |TAMS 0x0000000084a00000, 0x0000000084900000| Untracked 
|  74|0x0000000084a00000, 0x0000000084b00000, 0x0000000084b00000|100%| O|  |TAMS 0x0000000084b00000, 0x0000000084a00000| Untracked 
|  75|0x0000000084b00000, 0x0000000084c00000, 0x0000000084c00000|100%| O|  |TAMS 0x0000000084c00000, 0x0000000084b00000| Untracked 
|  76|0x0000000084c00000, 0x0000000084d00000, 0x0000000084d00000|100%| O|  |TAMS 0x0000000084d00000, 0x0000000084c00000| Untracked 
|  77|0x0000000084d00000, 0x0000000084e00000, 0x0000000084e00000|100%|HS|  |TAMS 0x0000000084e00000, 0x0000000084d00000| Complete 
|  78|0x0000000084e00000, 0x0000000084f00000, 0x0000000084f00000|100%|HC|  |TAMS 0x0000000084f00000, 0x0000000084e00000| Complete 
|  79|0x0000000084f00000, 0x0000000085000000, 0x0000000085000000|100%|HS|  |TAMS 0x0000000085000000, 0x0000000084f00000| Complete 
|  80|0x0000000085000000, 0x0000000085100000, 0x0000000085100000|100%|HC|  |TAMS 0x0000000085100000, 0x0000000085000000| Complete 
|  81|0x0000000085100000, 0x0000000085200000, 0x0000000085200000|100%|HC|  |TAMS 0x0000000085200000, 0x0000000085100000| Complete 
|  82|0x0000000085200000, 0x0000000085300000, 0x0000000085300000|100%|HS|  |TAMS 0x0000000085300000, 0x0000000085200000| Complete 
|  83|0x0000000085300000, 0x0000000085400000, 0x0000000085400000|100%|HC|  |TAMS 0x0000000085400000, 0x0000000085300000| Complete 
|  84|0x0000000085400000, 0x0000000085500000, 0x0000000085500000|100%|HC|  |TAMS 0x0000000085500000, 0x0000000085400000| Complete 
|  85|0x0000000085500000, 0x0000000085600000, 0x0000000085600000|100%|HC|  |TAMS 0x0000000085600000, 0x0000000085500000| Complete 
|  86|0x0000000085600000, 0x0000000085700000, 0x0000000085700000|100%| O|  |TAMS 0x0000000085700000, 0x0000000085600000| Untracked 
|  87|0x0000000085700000, 0x0000000085800000, 0x0000000085800000|100%| O|  |TAMS 0x0000000085800000, 0x0000000085700000| Untracked 
|  88|0x0000000085800000, 0x0000000085900000, 0x0000000085900000|100%| O|  |TAMS 0x0000000085900000, 0x0000000085800000| Complete 
|  89|0x0000000085900000, 0x0000000085a00000, 0x0000000085a00000|100%| O|  |TAMS 0x0000000085a00000, 0x0000000085900000| Complete 
|  90|0x0000000085a00000, 0x0000000085b00000, 0x0000000085b00000|100%| O|  |TAMS 0x0000000085b00000, 0x0000000085a00000| Complete 
|  91|0x0000000085b00000, 0x0000000085c00000, 0x0000000085c00000|100%| O|  |TAMS 0x0000000085c00000, 0x0000000085b00000| Complete 
|  92|0x0000000085c00000, 0x0000000085d00000, 0x0000000085d00000|100%| O|  |TAMS 0x0000000085d00000, 0x0000000085c00000| Untracked 
|  93|0x0000000085d00000, 0x0000000085e00000, 0x0000000085e00000|100%| O|  |TAMS 0x0000000085e00000, 0x0000000085d00000| Complete 
|  94|0x0000000085e00000, 0x0000000085f00000, 0x0000000085f00000|100%| O|  |TAMS 0x0000000085f00000, 0x0000000085e00000| Untracked 
|  95|0x0000000085f00000, 0x0000000086000000, 0x0000000086000000|100%| O|  |TAMS 0x0000000086000000, 0x0000000085f00000| Complete 
|  96|0x0000000086000000, 0x0000000086100000, 0x0000000086100000|100%| O|  |TAMS 0x0000000086100000, 0x0000000086000000| Untracked 
|  97|0x0000000086100000, 0x0000000086200000, 0x0000000086200000|100%| O|  |TAMS 0x0000000086200000, 0x0000000086100000| Untracked 
|  98|0x0000000086200000, 0x0000000086300000, 0x0000000086300000|100%| O|  |TAMS 0x0000000086300000, 0x0000000086200000| Complete 
|  99|0x0000000086300000, 0x0000000086400000, 0x0000000086400000|100%| O|  |TAMS 0x0000000086400000, 0x0000000086300000| Untracked 
| 100|0x0000000086400000, 0x0000000086500000, 0x0000000086500000|100%| O|  |TAMS 0x0000000086500000, 0x0000000086400000| Untracked 
| 101|0x0000000086500000, 0x0000000086600000, 0x0000000086600000|100%| O|  |TAMS 0x0000000086600000, 0x0000000086500000| Untracked 
| 102|0x0000000086600000, 0x0000000086700000, 0x0000000086700000|100%| O|  |TAMS 0x0000000086700000, 0x0000000086600000| Complete 
| 103|0x0000000086700000, 0x0000000086800000, 0x0000000086800000|100%| O|  |TAMS 0x0000000086800000, 0x0000000086700000| Complete 
| 104|0x0000000086800000, 0x0000000086900000, 0x0000000086900000|100%| O|  |TAMS 0x0000000086900000, 0x0000000086800000| Complete 
| 105|0x0000000086900000, 0x0000000086a00000, 0x0000000086a00000|100%| O|  |TAMS 0x0000000086a00000, 0x0000000086900000| Complete 
| 106|0x0000000086a00000, 0x0000000086b00000, 0x0000000086b00000|100%| O|  |TAMS 0x0000000086b00000, 0x0000000086a00000| Untracked 
| 107|0x0000000086b00000, 0x0000000086c00000, 0x0000000086c00000|100%| O|  |TAMS 0x0000000086c00000, 0x0000000086b00000| Untracked 
| 108|0x0000000086c00000, 0x0000000086d00000, 0x0000000086d00000|100%| O|  |TAMS 0x0000000086d00000, 0x0000000086c00000| Complete 
| 109|0x0000000086d00000, 0x0000000086e00000, 0x0000000086e00000|100%| O|  |TAMS 0x0000000086e00000, 0x0000000086d00000| Complete 
| 110|0x0000000086e00000, 0x0000000086f00000, 0x0000000086f00000|100%| O|  |TAMS 0x0000000086f00000, 0x0000000086e00000| Complete 
| 111|0x0000000086f00000, 0x0000000087000000, 0x0000000087000000|100%| O|  |TAMS 0x0000000087000000, 0x0000000086f00000| Complete 
| 112|0x0000000087000000, 0x0000000087100000, 0x0000000087100000|100%| O|  |TAMS 0x0000000087100000, 0x0000000087000000| Complete 
| 113|0x0000000087100000, 0x0000000087200000, 0x0000000087200000|100%| O|  |TAMS 0x0000000087200000, 0x0000000087100000| Complete 
| 114|0x0000000087200000, 0x0000000087300000, 0x0000000087300000|100%| O|  |TAMS 0x0000000087300000, 0x0000000087200000| Untracked 
| 115|0x0000000087300000, 0x0000000087400000, 0x0000000087400000|100%| O|  |TAMS 0x00000000873f9a00, 0x0000000087300000| Untracked 
| 116|0x0000000087400000, 0x0000000087500000, 0x0000000087500000|100%| O|  |TAMS 0x0000000087500000, 0x0000000087400000| Untracked 
| 117|0x0000000087500000, 0x0000000087600000, 0x0000000087600000|100%| O|  |TAMS 0x0000000087600000, 0x0000000087500000| Untracked 
| 118|0x0000000087600000, 0x0000000087700000, 0x0000000087700000|100%| O|  |TAMS 0x0000000087700000, 0x0000000087600000| Complete 
| 119|0x0000000087700000, 0x0000000087800000, 0x0000000087800000|100%| O|  |TAMS 0x0000000087800000, 0x0000000087700000| Untracked 
| 120|0x0000000087800000, 0x0000000087900000, 0x0000000087900000|100%| O|  |TAMS 0x0000000087900000, 0x0000000087800000| Complete 
| 121|0x0000000087900000, 0x0000000087a00000, 0x0000000087a00000|100%| O|  |TAMS 0x0000000087a00000, 0x0000000087900000| Complete 
| 122|0x0000000087a00000, 0x0000000087b00000, 0x0000000087b00000|100%| O|  |TAMS 0x0000000087b00000, 0x0000000087a00000| Complete 
| 123|0x0000000087b00000, 0x0000000087c00000, 0x0000000087c00000|100%| O|  |TAMS 0x0000000087c00000, 0x0000000087b00000| Complete 
| 124|0x0000000087c00000, 0x0000000087d00000, 0x0000000087d00000|100%| O|  |TAMS 0x0000000087d00000, 0x0000000087c00000| Complete 
| 125|0x0000000087d00000, 0x0000000087e00000, 0x0000000087e00000|100%| O|  |TAMS 0x0000000087e00000, 0x0000000087d00000| Complete 
| 126|0x0000000087e00000, 0x0000000087f00000, 0x0000000087f00000|100%| O|  |TAMS 0x0000000087f00000, 0x0000000087e00000| Untracked 
| 127|0x0000000087f00000, 0x0000000088000000, 0x0000000088000000|100%| O|  |TAMS 0x0000000088000000, 0x0000000087f00000| Complete 
| 128|0x0000000088000000, 0x0000000088100000, 0x0000000088100000|100%| O|  |TAMS 0x0000000088100000, 0x0000000088000000| Untracked 
| 129|0x0000000088100000, 0x0000000088200000, 0x0000000088200000|100%| O|  |TAMS 0x0000000088200000, 0x0000000088100000| Untracked 
| 130|0x0000000088200000, 0x0000000088300000, 0x0000000088300000|100%| O|  |TAMS 0x0000000088300000, 0x0000000088200000| Complete 
| 131|0x0000000088300000, 0x0000000088400000, 0x0000000088400000|100%| O|  |TAMS 0x0000000088400000, 0x0000000088300000| Complete 
| 132|0x0000000088400000, 0x0000000088500000, 0x0000000088500000|100%| O|  |TAMS 0x0000000088500000, 0x0000000088400000| Untracked 
| 133|0x0000000088500000, 0x0000000088600000, 0x0000000088600000|100%| O|  |TAMS 0x0000000088600000, 0x0000000088500000| Untracked 
| 134|0x0000000088600000, 0x0000000088700000, 0x0000000088700000|100%| O|  |TAMS 0x0000000088700000, 0x0000000088600000| Untracked 
| 135|0x0000000088700000, 0x0000000088800000, 0x0000000088800000|100%| O|  |TAMS 0x0000000088800000, 0x0000000088700000| Untracked 
| 136|0x0000000088800000, 0x0000000088900000, 0x0000000088900000|100%| O|  |TAMS 0x0000000088900000, 0x0000000088800000| Untracked 
| 137|0x0000000088900000, 0x0000000088a00000, 0x0000000088a00000|100%| O|  |TAMS 0x0000000088a00000, 0x0000000088900000| Untracked 
| 138|0x0000000088a00000, 0x0000000088b00000, 0x0000000088b00000|100%| O|  |TAMS 0x0000000088b00000, 0x0000000088a00000| Complete 
| 139|0x0000000088b00000, 0x0000000088c00000, 0x0000000088c00000|100%| O|  |TAMS 0x0000000088c00000, 0x0000000088b00000| Complete 
| 140|0x0000000088c00000, 0x0000000088d00000, 0x0000000088d00000|100%| O|  |TAMS 0x0000000088d00000, 0x0000000088c00000| Complete 
| 141|0x0000000088d00000, 0x0000000088e00000, 0x0000000088e00000|100%| O|  |TAMS 0x0000000088e00000, 0x0000000088d00000| Untracked 
| 142|0x0000000088e00000, 0x0000000088f00000, 0x0000000088f00000|100%| O|  |TAMS 0x0000000088f00000, 0x0000000088e00000| Untracked 
| 143|0x0000000088f00000, 0x0000000089000000, 0x0000000089000000|100%| O|  |TAMS 0x0000000089000000, 0x0000000088f00000| Complete 
| 144|0x0000000089000000, 0x0000000089100000, 0x0000000089100000|100%| O|  |TAMS 0x0000000089100000, 0x0000000089000000| Untracked 
| 145|0x0000000089100000, 0x0000000089200000, 0x0000000089200000|100%| O|  |TAMS 0x0000000089200000, 0x0000000089100000| Untracked 
| 146|0x0000000089200000, 0x0000000089300000, 0x0000000089300000|100%| O|  |TAMS 0x0000000089300000, 0x0000000089200000| Complete 
| 147|0x0000000089300000, 0x0000000089400000, 0x0000000089400000|100%| O|  |TAMS 0x0000000089400000, 0x0000000089300000| Complete 
| 148|0x0000000089400000, 0x0000000089500000, 0x0000000089500000|100%| O|  |TAMS 0x0000000089400000, 0x0000000089400000| Untracked 
| 149|0x0000000089500000, 0x000000008957d400, 0x0000000089600000| 48%| O|  |TAMS 0x0000000089500000, 0x0000000089500000| Untracked 
| 150|0x0000000089600000, 0x0000000089600000, 0x0000000089700000|  0%| F|  |TAMS 0x0000000089600000, 0x0000000089600000| Untracked 
| 151|0x0000000089700000, 0x0000000089700000, 0x0000000089800000|  0%| F|  |TAMS 0x0000000089700000, 0x0000000089700000| Untracked 
| 152|0x0000000089800000, 0x0000000089800000, 0x0000000089900000|  0%| F|  |TAMS 0x0000000089800000, 0x0000000089800000| Untracked 
| 153|0x0000000089900000, 0x0000000089900000, 0x0000000089a00000|  0%| F|  |TAMS 0x0000000089900000, 0x0000000089900000| Untracked 
| 154|0x0000000089a00000, 0x0000000089a00000, 0x0000000089b00000|  0%| F|  |TAMS 0x0000000089a00000, 0x0000000089a00000| Untracked 
| 155|0x0000000089b00000, 0x0000000089b00000, 0x0000000089c00000|  0%| F|  |TAMS 0x0000000089b00000, 0x0000000089b00000| Untracked 
| 156|0x0000000089c00000, 0x0000000089c00000, 0x0000000089d00000|  0%| F|  |TAMS 0x0000000089c00000, 0x0000000089c00000| Untracked 
| 157|0x0000000089d00000, 0x0000000089d00000, 0x0000000089e00000|  0%| F|  |TAMS 0x0000000089d00000, 0x0000000089d00000| Untracked 
| 158|0x0000000089e00000, 0x0000000089e00000, 0x0000000089f00000|  0%| F|  |TAMS 0x0000000089e00000, 0x0000000089e00000| Untracked 
| 159|0x0000000089f00000, 0x0000000089f00000, 0x000000008a000000|  0%| F|  |TAMS 0x0000000089f00000, 0x0000000089f00000| Untracked 
| 160|0x000000008a000000, 0x000000008a000000, 0x000000008a100000|  0%| F|  |TAMS 0x000000008a000000, 0x000000008a000000| Untracked 
| 161|0x000000008a100000, 0x000000008a100000, 0x000000008a200000|  0%| F|  |TAMS 0x000000008a100000, 0x000000008a100000| Untracked 
| 162|0x000000008a200000, 0x000000008a200000, 0x000000008a300000|  0%| F|  |TAMS 0x000000008a200000, 0x000000008a200000| Untracked 
| 163|0x000000008a300000, 0x000000008a300000, 0x000000008a400000|  0%| F|  |TAMS 0x000000008a300000, 0x000000008a300000| Untracked 
| 164|0x000000008a400000, 0x000000008a400000, 0x000000008a500000|  0%| F|  |TAMS 0x000000008a400000, 0x000000008a400000| Untracked 
| 165|0x000000008a500000, 0x000000008a500000, 0x000000008a600000|  0%| F|  |TAMS 0x000000008a500000, 0x000000008a500000| Untracked 
| 166|0x000000008a600000, 0x000000008a600000, 0x000000008a700000|  0%| F|  |TAMS 0x000000008a600000, 0x000000008a600000| Untracked 
| 167|0x000000008a700000, 0x000000008a700000, 0x000000008a800000|  0%| F|  |TAMS 0x000000008a700000, 0x000000008a700000| Untracked 
| 168|0x000000008a800000, 0x000000008a800000, 0x000000008a900000|  0%| F|  |TAMS 0x000000008a800000, 0x000000008a800000| Untracked 
| 169|0x000000008a900000, 0x000000008a900000, 0x000000008aa00000|  0%| F|  |TAMS 0x000000008a900000, 0x000000008a900000| Untracked 
| 170|0x000000008aa00000, 0x000000008aa00000, 0x000000008ab00000|  0%| F|  |TAMS 0x000000008aa00000, 0x000000008aa00000| Untracked 
| 171|0x000000008ab00000, 0x000000008ab00000, 0x000000008ac00000|  0%| F|  |TAMS 0x000000008ab00000, 0x000000008ab00000| Untracked 
| 172|0x000000008ac00000, 0x000000008ac00000, 0x000000008ad00000|  0%| F|  |TAMS 0x000000008ac00000, 0x000000008ac00000| Untracked 
| 173|0x000000008ad00000, 0x000000008ad00000, 0x000000008ae00000|  0%| F|  |TAMS 0x000000008ad00000, 0x000000008ad00000| Untracked 
| 174|0x000000008ae00000, 0x000000008ae00000, 0x000000008af00000|  0%| F|  |TAMS 0x000000008ae00000, 0x000000008ae00000| Untracked 
| 175|0x000000008af00000, 0x000000008af00000, 0x000000008b000000|  0%| F|  |TAMS 0x000000008af00000, 0x000000008af00000| Untracked 
| 176|0x000000008b000000, 0x000000008b000000, 0x000000008b100000|  0%| F|  |TAMS 0x000000008b000000, 0x000000008b000000| Untracked 
| 177|0x000000008b100000, 0x000000008b100000, 0x000000008b200000|  0%| F|  |TAMS 0x000000008b100000, 0x000000008b100000| Untracked 
| 178|0x000000008b200000, 0x000000008b200000, 0x000000008b300000|  0%| F|  |TAMS 0x000000008b200000, 0x000000008b200000| Untracked 
| 179|0x000000008b300000, 0x000000008b300000, 0x000000008b400000|  0%| F|  |TAMS 0x000000008b300000, 0x000000008b300000| Untracked 
| 180|0x000000008b400000, 0x000000008b400000, 0x000000008b500000|  0%| F|  |TAMS 0x000000008b400000, 0x000000008b400000| Untracked 
| 181|0x000000008b500000, 0x000000008b500000, 0x000000008b600000|  0%| F|  |TAMS 0x000000008b500000, 0x000000008b500000| Untracked 
| 182|0x000000008b600000, 0x000000008b600000, 0x000000008b700000|  0%| F|  |TAMS 0x000000008b600000, 0x000000008b600000| Untracked 
| 183|0x000000008b700000, 0x000000008b700000, 0x000000008b800000|  0%| F|  |TAMS 0x000000008b700000, 0x000000008b700000| Untracked 
| 184|0x000000008b800000, 0x000000008b800000, 0x000000008b900000|  0%| F|  |TAMS 0x000000008b800000, 0x000000008b800000| Untracked 
| 185|0x000000008b900000, 0x000000008b900000, 0x000000008ba00000|  0%| F|  |TAMS 0x000000008b900000, 0x000000008b900000| Untracked 
| 186|0x000000008ba00000, 0x000000008ba00000, 0x000000008bb00000|  0%| F|  |TAMS 0x000000008ba00000, 0x000000008ba00000| Untracked 
| 187|0x000000008bb00000, 0x000000008bb00000, 0x000000008bc00000|  0%| F|  |TAMS 0x000000008bb00000, 0x000000008bb00000| Untracked 
| 188|0x000000008bc00000, 0x000000008bc00000, 0x000000008bd00000|  0%| F|  |TAMS 0x000000008bc00000, 0x000000008bc00000| Untracked 
| 189|0x000000008bd00000, 0x000000008bd00000, 0x000000008be00000|  0%| F|  |TAMS 0x000000008bd00000, 0x000000008bd00000| Untracked 
| 190|0x000000008be00000, 0x000000008be00000, 0x000000008bf00000|  0%| F|  |TAMS 0x000000008be00000, 0x000000008be00000| Untracked 
| 191|0x000000008bf00000, 0x000000008bf00000, 0x000000008c000000|  0%| F|  |TAMS 0x000000008bf00000, 0x000000008bf00000| Untracked 
| 192|0x000000008c000000, 0x000000008c000000, 0x000000008c100000|  0%| F|  |TAMS 0x000000008c000000, 0x000000008c000000| Untracked 
| 193|0x000000008c100000, 0x000000008c100000, 0x000000008c200000|  0%| F|  |TAMS 0x000000008c100000, 0x000000008c100000| Untracked 
| 194|0x000000008c200000, 0x000000008c200000, 0x000000008c300000|  0%| F|  |TAMS 0x000000008c200000, 0x000000008c200000| Untracked 
| 195|0x000000008c300000, 0x000000008c300000, 0x000000008c400000|  0%| F|  |TAMS 0x000000008c300000, 0x000000008c300000| Untracked 
| 196|0x000000008c400000, 0x000000008c400000, 0x000000008c500000|  0%| F|  |TAMS 0x000000008c400000, 0x000000008c400000| Untracked 
| 197|0x000000008c500000, 0x000000008c500000, 0x000000008c600000|  0%| F|  |TAMS 0x000000008c500000, 0x000000008c500000| Untracked 
| 198|0x000000008c600000, 0x000000008c600000, 0x000000008c700000|  0%| F|  |TAMS 0x000000008c600000, 0x000000008c600000| Untracked 
| 199|0x000000008c700000, 0x000000008c700000, 0x000000008c800000|  0%| F|  |TAMS 0x000000008c700000, 0x000000008c700000| Untracked 
| 200|0x000000008c800000, 0x000000008c800000, 0x000000008c900000|  0%| F|  |TAMS 0x000000008c800000, 0x000000008c800000| Untracked 
| 201|0x000000008c900000, 0x000000008c900000, 0x000000008ca00000|  0%| F|  |TAMS 0x000000008c900000, 0x000000008c900000| Untracked 
| 202|0x000000008ca00000, 0x000000008ca00000, 0x000000008cb00000|  0%| F|  |TAMS 0x000000008ca00000, 0x000000008ca00000| Untracked 
| 203|0x000000008cb00000, 0x000000008cb00000, 0x000000008cc00000|  0%| F|  |TAMS 0x000000008cb00000, 0x000000008cb00000| Untracked 
| 204|0x000000008cc00000, 0x000000008cc00000, 0x000000008cd00000|  0%| F|  |TAMS 0x000000008cc00000, 0x000000008cc00000| Untracked 
| 205|0x000000008cd00000, 0x000000008cd00000, 0x000000008ce00000|  0%| F|  |TAMS 0x000000008cd00000, 0x000000008cd00000| Untracked 
| 206|0x000000008ce00000, 0x000000008ce00000, 0x000000008cf00000|  0%| F|  |TAMS 0x000000008ce00000, 0x000000008ce00000| Untracked 
| 207|0x000000008cf00000, 0x000000008cf00000, 0x000000008d000000|  0%| F|  |TAMS 0x000000008cf00000, 0x000000008cf00000| Untracked 
| 208|0x000000008d000000, 0x000000008d000000, 0x000000008d100000|  0%| F|  |TAMS 0x000000008d000000, 0x000000008d000000| Untracked 
| 209|0x000000008d100000, 0x000000008d100000, 0x000000008d200000|  0%| F|  |TAMS 0x000000008d100000, 0x000000008d100000| Untracked 
| 210|0x000000008d200000, 0x000000008d200000, 0x000000008d300000|  0%| F|  |TAMS 0x000000008d200000, 0x000000008d200000| Untracked 
| 211|0x000000008d300000, 0x000000008d300000, 0x000000008d400000|  0%| F|  |TAMS 0x000000008d300000, 0x000000008d300000| Untracked 
| 212|0x000000008d400000, 0x000000008d400000, 0x000000008d500000|  0%| F|  |TAMS 0x000000008d400000, 0x000000008d400000| Untracked 
| 213|0x000000008d500000, 0x000000008d500000, 0x000000008d600000|  0%| F|  |TAMS 0x000000008d500000, 0x000000008d500000| Untracked 
| 214|0x000000008d600000, 0x000000008d600000, 0x000000008d700000|  0%| F|  |TAMS 0x000000008d600000, 0x000000008d600000| Untracked 
| 215|0x000000008d700000, 0x000000008d700000, 0x000000008d800000|  0%| F|  |TAMS 0x000000008d700000, 0x000000008d700000| Untracked 
| 216|0x000000008d800000, 0x000000008d800000, 0x000000008d900000|  0%| F|  |TAMS 0x000000008d800000, 0x000000008d800000| Untracked 
| 217|0x000000008d900000, 0x000000008d900000, 0x000000008da00000|  0%| F|  |TAMS 0x000000008d900000, 0x000000008d900000| Untracked 
| 218|0x000000008da00000, 0x000000008da00000, 0x000000008db00000|  0%| F|  |TAMS 0x000000008da00000, 0x000000008da00000| Untracked 
| 219|0x000000008db00000, 0x000000008db00000, 0x000000008dc00000|  0%| F|  |TAMS 0x000000008db00000, 0x000000008db00000| Untracked 
| 220|0x000000008dc00000, 0x000000008dc00000, 0x000000008dd00000|  0%| F|  |TAMS 0x000000008dc00000, 0x000000008dc00000| Untracked 
| 221|0x000000008dd00000, 0x000000008dd00000, 0x000000008de00000|  0%| F|  |TAMS 0x000000008dd00000, 0x000000008dd00000| Untracked 
| 222|0x000000008de00000, 0x000000008de00000, 0x000000008df00000|  0%| F|  |TAMS 0x000000008de00000, 0x000000008de00000| Untracked 
| 223|0x000000008df00000, 0x000000008df00000, 0x000000008e000000|  0%| F|  |TAMS 0x000000008df00000, 0x000000008df00000| Untracked 
| 224|0x000000008e000000, 0x000000008e000000, 0x000000008e100000|  0%| F|  |TAMS 0x000000008e000000, 0x000000008e000000| Untracked 
| 225|0x000000008e100000, 0x000000008e100000, 0x000000008e200000|  0%| F|  |TAMS 0x000000008e100000, 0x000000008e100000| Untracked 
| 226|0x000000008e200000, 0x000000008e200000, 0x000000008e300000|  0%| F|  |TAMS 0x000000008e200000, 0x000000008e200000| Untracked 
| 227|0x000000008e300000, 0x000000008e300000, 0x000000008e400000|  0%| F|  |TAMS 0x000000008e300000, 0x000000008e300000| Untracked 
| 228|0x000000008e400000, 0x000000008e400000, 0x000000008e500000|  0%| F|  |TAMS 0x000000008e400000, 0x000000008e400000| Untracked 
| 229|0x000000008e500000, 0x000000008e500000, 0x000000008e600000|  0%| F|  |TAMS 0x000000008e500000, 0x000000008e500000| Untracked 
| 230|0x000000008e600000, 0x000000008e600000, 0x000000008e700000|  0%| F|  |TAMS 0x000000008e600000, 0x000000008e600000| Untracked 
| 231|0x000000008e700000, 0x000000008e700000, 0x000000008e800000|  0%| F|  |TAMS 0x000000008e700000, 0x000000008e700000| Untracked 
| 232|0x000000008e800000, 0x000000008e800000, 0x000000008e900000|  0%| F|  |TAMS 0x000000008e800000, 0x000000008e800000| Untracked 
| 233|0x000000008e900000, 0x000000008e900000, 0x000000008ea00000|  0%| F|  |TAMS 0x000000008e900000, 0x000000008e900000| Untracked 
| 234|0x000000008ea00000, 0x000000008ea00000, 0x000000008eb00000|  0%| F|  |TAMS 0x000000008ea00000, 0x000000008ea00000| Untracked 
| 235|0x000000008eb00000, 0x000000008eb00000, 0x000000008ec00000|  0%| F|  |TAMS 0x000000008eb00000, 0x000000008eb00000| Untracked 
| 236|0x000000008ec00000, 0x000000008ec00000, 0x000000008ed00000|  0%| F|  |TAMS 0x000000008ec00000, 0x000000008ec00000| Untracked 
| 237|0x000000008ed00000, 0x000000008ed00000, 0x000000008ee00000|  0%| F|  |TAMS 0x000000008ed00000, 0x000000008ed00000| Untracked 
| 238|0x000000008ee00000, 0x000000008ee00000, 0x000000008ef00000|  0%| F|  |TAMS 0x000000008ee00000, 0x000000008ee00000| Untracked 
| 239|0x000000008ef00000, 0x000000008ef00000, 0x000000008f000000|  0%| F|  |TAMS 0x000000008ef00000, 0x000000008ef00000| Untracked 
| 240|0x000000008f000000, 0x000000008f000000, 0x000000008f100000|  0%| F|  |TAMS 0x000000008f000000, 0x000000008f000000| Untracked 
| 241|0x000000008f100000, 0x000000008f100000, 0x000000008f200000|  0%| F|  |TAMS 0x000000008f100000, 0x000000008f100000| Untracked 
| 242|0x000000008f200000, 0x000000008f200000, 0x000000008f300000|  0%| F|  |TAMS 0x000000008f200000, 0x000000008f200000| Untracked 
| 243|0x000000008f300000, 0x000000008f300000, 0x000000008f400000|  0%| F|  |TAMS 0x000000008f300000, 0x000000008f300000| Untracked 
| 244|0x000000008f400000, 0x000000008f400000, 0x000000008f500000|  0%| F|  |TAMS 0x000000008f400000, 0x000000008f400000| Untracked 
| 245|0x000000008f500000, 0x000000008f500000, 0x000000008f600000|  0%| F|  |TAMS 0x000000008f500000, 0x000000008f500000| Untracked 
| 246|0x000000008f600000, 0x000000008f600000, 0x000000008f700000|  0%| F|  |TAMS 0x000000008f600000, 0x000000008f600000| Untracked 
| 247|0x000000008f700000, 0x000000008f700000, 0x000000008f800000|  0%| F|  |TAMS 0x000000008f700000, 0x000000008f700000| Untracked 
| 248|0x000000008f800000, 0x000000008f800000, 0x000000008f900000|  0%| F|  |TAMS 0x000000008f800000, 0x000000008f800000| Untracked 
| 249|0x000000008f900000, 0x000000008fa00000, 0x000000008fa00000|100%| S|CS|TAMS 0x000000008f900000, 0x000000008f900000| Complete 
| 250|0x000000008fa00000, 0x000000008fa00000, 0x000000008fb00000|  0%| F|  |TAMS 0x000000008fa00000, 0x000000008fa00000| Untracked 
| 251|0x000000008fb00000, 0x000000008fc00000, 0x000000008fc00000|100%| S|CS|TAMS 0x000000008fb00000, 0x000000008fb00000| Complete 
| 252|0x000000008fc00000, 0x000000008fc00000, 0x000000008fd00000|  0%| F|  |TAMS 0x000000008fc00000, 0x000000008fc00000| Untracked 
| 253|0x000000008fd00000, 0x000000008fd00000, 0x000000008fe00000|  0%| F|  |TAMS 0x000000008fd00000, 0x000000008fd00000| Untracked 
| 254|0x000000008fe00000, 0x000000008fe00000, 0x000000008ff00000|  0%| F|  |TAMS 0x000000008fe00000, 0x000000008fe00000| Untracked 
| 255|0x000000008ff00000, 0x000000008ff00000, 0x0000000090000000|  0%| F|  |TAMS 0x000000008ff00000, 0x000000008ff00000| Untracked 
| 256|0x0000000090000000, 0x0000000090097410, 0x0000000090100000| 59%| E|  |TAMS 0x0000000090000000, 0x0000000090000000| Complete 
| 257|0x0000000090100000, 0x0000000090200000, 0x0000000090200000|100%| E|CS|TAMS 0x0000000090100000, 0x0000000090100000| Complete 
| 258|0x0000000090200000, 0x0000000090300000, 0x0000000090300000|100%| E|CS|TAMS 0x0000000090200000, 0x0000000090200000| Complete 
| 259|0x0000000090300000, 0x0000000090400000, 0x0000000090400000|100%| E|CS|TAMS 0x0000000090300000, 0x0000000090300000| Complete 
| 260|0x0000000090400000, 0x0000000090500000, 0x0000000090500000|100%| E|CS|TAMS 0x0000000090400000, 0x0000000090400000| Complete 
| 261|0x0000000090500000, 0x0000000090600000, 0x0000000090600000|100%| E|CS|TAMS 0x0000000090500000, 0x0000000090500000| Complete 
| 262|0x0000000090600000, 0x0000000090700000, 0x0000000090700000|100%| E|CS|TAMS 0x0000000090600000, 0x0000000090600000| Complete 
| 263|0x0000000090700000, 0x0000000090800000, 0x0000000090800000|100%| E|CS|TAMS 0x0000000090700000, 0x0000000090700000| Complete 

Card table byte_map: [0x000002a0c1d70000,0x000002a0c2170000] _byte_map_base: 0x000002a0c1970000

Marking Bits (Prev, Next): (CMBitMap*) 0x000002a0ace4e330, (CMBitMap*) 0x000002a0ace4e2f8
 Prev Bits: [0x000002a0c4570000, 0x000002a0c6570000)
 Next Bits: [0x000002a0c2570000, 0x000002a0c4570000)

Polling page: 0x000002a0acca0000

Metaspace:

Usage:
  Non-class:    103.62 MB capacity,   101.41 MB ( 98%) used,     1.87 MB (  2%) free+waste,   351.94 KB ( <1%) overhead. 
      Class:     15.69 MB capacity,    14.51 MB ( 92%) used,     1.03 MB (  7%) free+waste,   158.19 KB ( <1%) overhead. 
       Both:    119.30 MB capacity,   115.91 MB ( 97%) used,     2.89 MB (  2%) free+waste,   510.13 KB ( <1%) overhead. 

Virtual space:
  Non-class space:      104.00 MB reserved,     103.75 MB (>99%) committed 
      Class space:        1.00 GB reserved,      15.75 MB (  2%) committed 
             Both:        1.10 GB reserved,     119.50 MB ( 11%) committed 

Chunk freelists:
   Non-Class:  8.00 KB
       Class:  0 bytes
        Both:  8.00 KB

MaxMetaspaceSize: 17179869184.00 GB
CompressedClassSpaceSize: 1.00 GB

CodeHeap 'non-profiled nmethods': size=120064Kb used=12319Kb max_used=12319Kb free=107744Kb
 bounds [0x000002a0b9bf0000, 0x000002a0ba800000, 0x000002a0c1130000]
CodeHeap 'profiled nmethods': size=120000Kb used=36997Kb max_used=36997Kb free=83002Kb
 bounds [0x000002a0b26c0000, 0x000002a0b4af0000, 0x000002a0b9bf0000]
CodeHeap 'non-nmethods': size=5696Kb used=2367Kb max_used=2431Kb free=3328Kb
 bounds [0x000002a0b2130000, 0x000002a0b23b0000, 0x000002a0b26c0000]
 total_blobs=17782 nmethods=16787 adapters=906
 compilation: enabled
              stopped_count=0, restarted_count=0
 full_count=0

Compilation events (20 events):
Event: 703.307 Thread 0x000002a0c8e53800 17899       2       org.gradle.internal.extensibility.DefaultExtraPropertiesExtension::get (30 bytes)
Event: 703.307 Thread 0x000002a0c8e53800 nmethod 17899 0x000002a0b4abcf90 code [0x000002a0b4abd160, 0x000002a0b4abd3a8]
Event: 703.307 Thread 0x000002a0c8e53800 17902       2       java.util.TreeSet::<init> (13 bytes)
Event: 703.307 Thread 0x000002a0c8e53800 nmethod 17902 0x000002a0b4abd510 code [0x000002a0b4abd6c0, 0x000002a0b4abd8d8]
Event: 703.307 Thread 0x000002a0c8e53800 17903       2       org.gradle.internal.service.scopes.ProjectScopeServices$ProjectBackedModuleMetaDataProvider::getModule (15 bytes)
Event: 703.308 Thread 0x000002a0c8e53800 nmethod 17903 0x000002a0b4abd990 code [0x000002a0b4abdb40, 0x000002a0b4abdcd8]
Event: 703.308 Thread 0x000002a0c8e53800 17906       2       org.gradle.api.internal.artifacts.configurations.DefaultVariant::getAsDescribable (14 bytes)
Event: 703.308 Thread 0x000002a0c8e53800 nmethod 17906 0x000002a0b4abdd90 code [0x000002a0b4abdf40, 0x000002a0b4abe1b8]
Event: 703.308 Thread 0x000002a0c8e53800 17905       2       org.gradle.api.internal.project.DefaultProject::getVersion (17 bytes)
Event: 703.308 Thread 0x000002a0c8e53800 nmethod 17905 0x000002a0b4abe290 code [0x000002a0b4abe440, 0x000002a0b4abe558]
Event: 703.308 Thread 0x000002a0c8e53800 17904       2       org.gradle.api.internal.artifacts.ProjectBackedModule::<init> (10 bytes)
Event: 703.308 Thread 0x000002a0c8e53800 nmethod 17904 0x000002a0b4abe610 code [0x000002a0b4abe7c0, 0x000002a0b4abe8f8]
Event: 703.308 Thread 0x000002a0c8e53800 17907       1       com.google.common.collect.ImmutableCollection::internalArray (2 bytes)
Event: 703.308 Thread 0x000002a0c8e53800 nmethod 17907 0x000002a0ba7f3c90 code [0x000002a0ba7f3e40, 0x000002a0ba7f3ef8]
Event: 703.308 Thread 0x000002a0c8e53800 17908       2       org.gradle.api.internal.tasks.DefaultTaskDependency::add (34 bytes)
Event: 703.309 Thread 0x000002a0c8e53800 nmethod 17908 0x000002a0b4abe990 code [0x000002a0b4abeb80, 0x000002a0b4abf098]
Event: 703.309 Thread 0x000002a0c8e53800 17909       2       jdk.internal.module.Resources::toPackageName (39 bytes)
Event: 703.309 Thread 0x000002a0c8e53800 nmethod 17909 0x000002a0b4abf310 code [0x000002a0b4abf500, 0x000002a0b4abf738]
Event: 703.309 Thread 0x000002a0c8e53800 17910       1       java.util.Collections$EmptyEnumeration::hasMoreElements (2 bytes)
Event: 703.309 Thread 0x000002a0c8e53800 nmethod 17910 0x000002a0ba7f3f90 code [0x000002a0ba7f4140, 0x000002a0ba7f41f8]

GC Heap History (20 events):
Event: 36.104 GC heap before
{Heap before GC invocations=53 (full 0):
 garbage-first heap   total 270336K, used 230143K [0x0000000080000000, 0x0000000100000000)
  region size 1024K, 109 young (111616K), 9 survivors (9216K)
 Metaspace       used 106950K, capacity 109612K, committed 109824K, reserved 1144832K
  class space    used 13538K, capacity 14528K, committed 14592K, reserved 1048576K
}
Event: 36.114 GC heap after
{Heap after GC invocations=54 (full 0):
 garbage-first heap   total 270336K, used 133636K [0x0000000080000000, 0x0000000100000000)
  region size 1024K, 11 young (11264K), 11 survivors (11264K)
 Metaspace       used 106950K, capacity 109612K, committed 109824K, reserved 1144832K
  class space    used 13538K, capacity 14528K, committed 14592K, reserved 1048576K
}
Event: 522.017 GC heap before
{Heap before GC invocations=54 (full 0):
 garbage-first heap   total 270336K, used 228868K [0x0000000080000000, 0x0000000100000000)
  region size 1024K, 105 young (107520K), 11 survivors (11264K)
 Metaspace       used 111059K, capacity 114027K, committed 114176K, reserved 1148928K
  class space    used 14037K, capacity 15086K, committed 15104K, reserved 1048576K
}
Event: 522.041 GC heap after
{Heap after GC invocations=55 (full 0):
 garbage-first heap   total 270336K, used 138769K [0x0000000080000000, 0x0000000100000000)
  region size 1024K, 11 young (11264K), 11 survivors (11264K)
 Metaspace       used 111059K, capacity 114027K, committed 114176K, reserved 1148928K
  class space    used 14037K, capacity 15086K, committed 15104K, reserved 1048576K
}
Event: 680.484 GC heap before
{Heap before GC invocations=56 (full 0):
 garbage-first heap   total 270336K, used 228881K [0x0000000080000000, 0x0000000100000000)
  region size 1024K, 99 young (101376K), 11 survivors (11264K)
 Metaspace       used 113548K, capacity 116748K, committed 116992K, reserved 1150976K
  class space    used 14370K, capacity 15498K, committed 15616K, reserved 1048576K
}
Event: 680.500 GC heap after
{Heap after GC invocations=57 (full 0):
 garbage-first heap   total 270336K, used 147203K [0x0000000080000000, 0x0000000100000000)
  region size 1024K, 13 young (13312K), 13 survivors (13312K)
 Metaspace       used 113548K, capacity 116748K, committed 116992K, reserved 1150976K
  class space    used 14370K, capacity 15498K, committed 15616K, reserved 1048576K
}
Event: 680.899 GC heap before
{Heap before GC invocations=57 (full 0):
 garbage-first heap   total 270336K, used 168707K [0x0000000080000000, 0x0000000100000000)
  region size 1024K, 36 young (36864K), 13 survivors (13312K)
 Metaspace       used 114358K, capacity 117566K, committed 117760K, reserved 1150976K
  class space    used 14433K, capacity 15577K, committed 15616K, reserved 1048576K
}
Event: 680.909 GC heap after
{Heap after GC invocations=58 (full 0):
 garbage-first heap   total 270336K, used 149935K [0x0000000080000000, 0x0000000100000000)
  region size 1024K, 3 young (3072K), 3 survivors (3072K)
 Metaspace       used 114358K, capacity 117566K, committed 117760K, reserved 1150976K
  class space    used 14433K, capacity 15577K, committed 15616K, reserved 1048576K
}
Event: 682.061 GC heap before
{Heap before GC invocations=59 (full 0):
 garbage-first heap   total 270336K, used 222639K [0x0000000080000000, 0x0000000100000000)
  region size 1024K, 58 young (59392K), 3 survivors (3072K)
 Metaspace       used 116827K, capacity 120035K, committed 120320K, reserved 1153024K
  class space    used 14662K, capacity 15817K, committed 15872K, reserved 1048576K
}
Event: 682.065 GC heap after
{Heap after GC invocations=60 (full 0):
 garbage-first heap   total 270336K, used 149850K [0x0000000080000000, 0x0000000100000000)
  region size 1024K, 3 young (3072K), 3 survivors (3072K)
 Metaspace       used 116827K, capacity 120035K, committed 120320K, reserved 1153024K
  class space    used 14662K, capacity 15817K, committed 15872K, reserved 1048576K
}
Event: 682.532 GC heap before
{Heap before GC invocations=60 (full 0):
 garbage-first heap   total 270336K, used 159066K [0x0000000080000000, 0x0000000100000000)
  region size 1024K, 13 young (13312K), 3 survivors (3072K)
 Metaspace       used 117064K, capacity 120290K, committed 120320K, reserved 1153024K
  class space    used 14693K, capacity 15854K, committed 15872K, reserved 1048576K
}
Event: 682.539 GC heap after
{Heap after GC invocations=61 (full 0):
 garbage-first heap   total 270336K, used 143232K [0x0000000080000000, 0x0000000100000000)
  region size 1024K, 2 young (2048K), 2 survivors (2048K)
 Metaspace       used 117064K, capacity 120290K, committed 120320K, reserved 1153024K
  class space    used 14693K, capacity 15854K, committed 15872K, reserved 1048576K
}
Event: 682.888 GC heap before
{Heap before GC invocations=61 (full 0):
 garbage-first heap   total 270336K, used 204672K [0x0000000080000000, 0x0000000100000000)
  region size 1024K, 63 young (64512K), 2 survivors (2048K)
 Metaspace       used 117569K, capacity 120823K, committed 120832K, reserved 1155072K
  class space    used 14736K, capacity 15869K, committed 15872K, reserved 1048576K
}
Event: 682.898 GC heap after
{Heap after GC invocations=62 (full 0):
 garbage-first heap   total 270336K, used 147829K [0x0000000080000000, 0x0000000100000000)
  region size 1024K, 7 young (7168K), 7 survivors (7168K)
 Metaspace       used 117569K, capacity 120823K, committed 120832K, reserved 1155072K
  class space    used 14736K, capacity 15869K, committed 15872K, reserved 1048576K
}
Event: 687.087 GC heap before
{Heap before GC invocations=63 (full 0):
 garbage-first heap   total 270336K, used 209269K [0x0000000080000000, 0x0000000100000000)
  region size 1024K, 68 young (69632K), 7 survivors (7168K)
 Metaspace       used 118257K, capacity 121507K, committed 121728K, reserved 1155072K
  class space    used 14815K, capacity 15988K, committed 16000K, reserved 1048576K
}
Event: 687.098 GC heap after
{Heap after GC invocations=64 (full 0):
 garbage-first heap   total 270336K, used 150676K [0x0000000080000000, 0x0000000100000000)
  region size 1024K, 3 young (3072K), 3 survivors (3072K)
 Metaspace       used 118257K, capacity 121507K, committed 121728K, reserved 1155072K
  class space    used 14815K, capacity 15988K, committed 16000K, reserved 1048576K
}
Event: 699.002 GC heap before
{Heap before GC invocations=64 (full 0):
 garbage-first heap   total 270336K, used 160916K [0x0000000080000000, 0x0000000100000000)
  region size 1024K, 13 young (13312K), 3 survivors (3072K)
 Metaspace       used 118454K, capacity 121930K, committed 122112K, reserved 1155072K
  class space    used 14844K, capacity 16044K, committed 16128K, reserved 1048576K
}
Event: 701.373 GC heap after
{Heap after GC invocations=65 (full 0):
 garbage-first heap   total 270336K, used 151868K [0x0000000080000000, 0x0000000100000000)
  region size 1024K, 2 young (2048K), 2 survivors (2048K)
 Metaspace       used 118454K, capacity 121930K, committed 122112K, reserved 1155072K
  class space    used 14844K, capacity 16044K, committed 16128K, reserved 1048576K
}
Event: 701.622 GC heap before
{Heap before GC invocations=65 (full 0):
 garbage-first heap   total 270336K, used 162108K [0x0000000080000000, 0x0000000100000000)
  region size 1024K, 13 young (13312K), 2 survivors (2048K)
 Metaspace       used 118471K, capacity 121934K, committed 122112K, reserved 1155072K
  class space    used 14844K, capacity 16044K, committed 16128K, reserved 1048576K
}
Event: 701.952 GC heap after
{Heap after GC invocations=66 (full 0):
 garbage-first heap   total 270336K, used 152480K [0x0000000080000000, 0x0000000100000000)
  region size 1024K, 1 young (1024K), 1 survivors (1024K)
 Metaspace       used 118471K, capacity 121934K, committed 122112K, reserved 1155072K
  class space    used 14844K, capacity 16044K, committed 16128K, reserved 1048576K
}

Deoptimization events (20 events):
Event: 687.347 Thread 0x000002a0d2532800 DEOPT PACKING pc=0x000002a0ba093318 sp=0x000000deceafbc50
Event: 687.347 Thread 0x000002a0d2532800 DEOPT UNPACKING pc=0x000002a0b215662f sp=0x000000deceafbbf8 mode 2
Event: 687.347 Thread 0x000002a0d2532800 Uncommon trap: trap_request=0xffffffde fr.pc=0x000002a0ba093318 relative=0x0000000000000278
Event: 687.347 Thread 0x000002a0d2532800 Uncommon trap: reason=class_check action=maybe_recompile pc=0x000002a0ba093318 method=java.lang.String.equals(Ljava/lang/Object;)Z @ 8 c2
Event: 687.347 Thread 0x000002a0d2532800 DEOPT PACKING pc=0x000002a0ba093318 sp=0x000000deceafbc50
Event: 687.347 Thread 0x000002a0d2532800 DEOPT UNPACKING pc=0x000002a0b215662f sp=0x000000deceafbbf8 mode 2
Event: 687.347 Thread 0x000002a0d2532800 Uncommon trap: trap_request=0xffffffde fr.pc=0x000002a0ba093318 relative=0x0000000000000278
Event: 687.347 Thread 0x000002a0d2532800 Uncommon trap: reason=class_check action=maybe_recompile pc=0x000002a0ba093318 method=java.lang.String.equals(Ljava/lang/Object;)Z @ 8 c2
Event: 687.347 Thread 0x000002a0d2532800 DEOPT PACKING pc=0x000002a0ba093318 sp=0x000000deceafbc50
Event: 687.347 Thread 0x000002a0d2532800 DEOPT UNPACKING pc=0x000002a0b215662f sp=0x000000deceafbbf8 mode 2
Event: 687.364 Thread 0x000002a0d2532800 DEOPT PACKING pc=0x000002a0b494df18 sp=0x000000deceafd300
Event: 687.364 Thread 0x000002a0d2532800 DEOPT UNPACKING pc=0x000002a0b2156dde sp=0x000000deceafc818 mode 0
Event: 698.311 Thread 0x000002a0cabd4800 Uncommon trap: trap_request=0xffffff45 fr.pc=0x000002a0ba711c1c relative=0x0000000000005a3c
Event: 698.312 Thread 0x000002a0cabd4800 Uncommon trap: reason=unstable_fused_if action=reinterpret pc=0x000002a0ba711c1c method=java.text.SimpleDateFormat.zeroPaddingNumber(IIILjava/lang/StringBuffer;)V @ 36 c2
Event: 698.312 Thread 0x000002a0cabd4800 DEOPT PACKING pc=0x000002a0ba711c1c sp=0x000000dece5fe610
Event: 698.312 Thread 0x000002a0cabd4800 DEOPT UNPACKING pc=0x000002a0b215662f sp=0x000000dece5fe568 mode 2
Event: 701.453 Thread 0x000002a0d2532800 DEOPT PACKING pc=0x000002a0b494df18 sp=0x000000deceaf8830
Event: 701.453 Thread 0x000002a0d2532800 DEOPT UNPACKING pc=0x000002a0b2156dde sp=0x000000deceaf7d30 mode 0
Event: 703.294 Thread 0x000002a0d2532800 DEOPT PACKING pc=0x000002a0b494def7 sp=0x000000deceaf9b20
Event: 703.294 Thread 0x000002a0d2532800 DEOPT UNPACKING pc=0x000002a0b2156dde sp=0x000000deceaf9020 mode 0

Classes redefined (0 events):
No events

Internal exceptions (20 events):
Event: 680.199 Thread 0x000002a0cc35a800 Exception <a 'java/lang/NoSuchMethodError'{0x000000008c414158}: <clinit>> (0x000000008c414158) thrown at [./src/hotspot/share/prims/jni.cpp, line 1362]
Event: 680.210 Thread 0x000002a0d2536800 Exception <a 'java/lang/NoSuchMethodError'{0x000000008c76c6d0}: <clinit>> (0x000000008c76c6d0) thrown at [./src/hotspot/share/prims/jni.cpp, line 1362]
Event: 681.704 Thread 0x000002a0d2532800 Exception <a 'java/lang/NoSuchMethodError'{0x000000008d679940}: <clinit>> (0x000000008d679940) thrown at [./src/hotspot/share/prims/jni.cpp, line 1362]
Event: 681.705 Thread 0x000002a0d2532800 Exception <a 'java/lang/NoSuchMethodError'{0x000000008d6a99b0}: <clinit>> (0x000000008d6a99b0) thrown at [./src/hotspot/share/prims/jni.cpp, line 1362]
Event: 682.696 Thread 0x000002a0cc35b800 Exception <a 'java/lang/NoSuchMethodError'{0x000000008e313ad0}: <clinit>> (0x000000008e313ad0) thrown at [./src/hotspot/share/prims/jni.cpp, line 1362]
Event: 682.696 Thread 0x000002a0cc35b800 Exception <a 'java/lang/NoSuchMethodError'{0x000000008e314df0}: <clinit>> (0x000000008e314df0) thrown at [./src/hotspot/share/prims/jni.cpp, line 1362]
Event: 682.696 Thread 0x000002a0cc35b800 Exception <a 'java/lang/NoSuchMethodError'{0x000000008e317550}: <clinit>> (0x000000008e317550) thrown at [./src/hotspot/share/prims/jni.cpp, line 1362]
Event: 682.697 Thread 0x000002a0cc35b800 Exception <a 'java/lang/NoSuchMethodError'{0x000000008e32fe58}: <clinit>> (0x000000008e32fe58) thrown at [./src/hotspot/share/prims/jni.cpp, line 1362]
Event: 682.697 Thread 0x000002a0cc35b800 Exception <a 'java/lang/NoSuchMethodError'{0x000000008e331338}: <clinit>> (0x000000008e331338) thrown at [./src/hotspot/share/prims/jni.cpp, line 1362]
Event: 682.720 Thread 0x000002a0cc35b800 Exception <a 'java/lang/NoSuchMethodError'{0x000000008e10fe30}: <clinit>> (0x000000008e10fe30) thrown at [./src/hotspot/share/prims/jni.cpp, line 1362]
Event: 682.722 Thread 0x000002a0cc35b800 Exception <a 'java/lang/NoSuchMethodError'{0x000000008e1481a8}: <clinit>> (0x000000008e1481a8) thrown at [./src/hotspot/share/prims/jni.cpp, line 1362]
Event: 682.723 Thread 0x000002a0cc35b800 Exception <a 'java/lang/NoSuchMethodError'{0x000000008e15ad18}: <clinit>> (0x000000008e15ad18) thrown at [./src/hotspot/share/prims/jni.cpp, line 1362]
Event: 683.347 Thread 0x000002a0d2f6d800 Exception <a 'java/lang/NoSuchMethodError'{0x00000000900c1408}: 'void java.lang.invoke.DirectMethodHandle$Holder.invokeStatic(java.lang.Object, long)'> (0x00000000900c1408) thrown at [./src/hotspot/share/interpreter/linkResolver.cpp, line 773]
Event: 683.348 Thread 0x000002a0d2f6d800 Exception <a 'java/lang/NoSuchMethodError'{0x00000000900c6620}: 'java.lang.Object java.lang.invoke.DirectMethodHandle$Holder.invokeStatic(java.lang.Object, long)'> (0x00000000900c6620) thrown at [./src/hotspot/share/interpreter/linkResolver.cpp, line 773]
Event: 683.355 Thread 0x000002a0d2f6d800 Exception <a 'java/lang/NoSuchMethodError'{0x000000008f4f66f8}: 'java.lang.Object java.lang.invoke.DirectMethodHandle$Holder.invokeStaticInit(java.lang.Object, java.lang.Object, long, java.lang.Object)'> (0x000000008f4f66f8) thrown at [./src/hotspot/share/interpreter/linkResolver.cpp, line 773]
Event: 683.356 Thread 0x000002a0d2f6d800 Exception <a 'java/lang/NoSuchMethodError'{0x000000008f4fc890}: 'java.lang.Object java.lang.invoke.DirectMethodHandle$Holder.invokeStatic(java.lang.Object, java.lang.Object, long)'> (0x000000008f4fc890) thrown at [./src/hotspot/share/interpreter/linkResolver.cpp, line 773]
Event: 683.359 Thread 0x000002a0d2f6d800 Exception <a 'java/lang/NoSuchMethodError'{0x000000008f377a80}: 'java.lang.Object java.lang.invoke.Invokers$Holder.linkToTargetMethod(java.lang.Object, long, java.lang.Object)'> (0x000000008f377a80) thrown at [./src/hotspot/share/interpreter/linkResolver.cpp, line 773]
Event: 686.940 Thread 0x000002a0d2536800 Exception <a 'java/lang/NoSuchMethodError'{0x000000008cbb5150}: <clinit>> (0x000000008cbb5150) thrown at [./src/hotspot/share/prims/jni.cpp, line 1362]
Event: 686.942 Thread 0x000002a0d2536800 Exception <a 'java/lang/NoSuchMethodError'{0x000000008cbc2aa0}: <clinit>> (0x000000008cbc2aa0) thrown at [./src/hotspot/share/prims/jni.cpp, line 1362]
Event: 701.997 Thread 0x000002a0d2532800 Exception <a 'sun/nio/fs/WindowsException'{0x00000000906948b8}> (0x00000000906948b8) thrown at [./src/hotspot/share/prims/jni.cpp, line 615]

Events (20 events):
Event: 701.495 Thread 0x000002a0d253d000 Thread added: 0x000002a0d253d000
Event: 701.496 Thread 0x000002a0cc354000 Thread added: 0x000002a0cc354000
Event: 701.496 Thread 0x000002a0cc359000 Thread added: 0x000002a0cc359000
Event: 701.496 Thread 0x000002a0cc35d000 Thread added: 0x000002a0cc35d000
Event: 701.496 Thread 0x000002a0cc358000 Thread added: 0x000002a0cc358000
Event: 701.496 Thread 0x000002a0cc35c000 Thread added: 0x000002a0cc35c000
Event: 701.496 Executing VM operation: RevokeBias
Event: 701.496 Executing coalesced safepoint VM operation: RevokeBias
Event: 701.496 Executing coalesced safepoint VM operation: RevokeBias done
Event: 701.496 Executing coalesced safepoint VM operation: RevokeBias
Event: 701.496 Executing coalesced safepoint VM operation: RevokeBias done
Event: 701.496 Executing coalesced safepoint VM operation: RevokeBias
Event: 701.496 Executing coalesced safepoint VM operation: RevokeBias done
Event: 701.496 Executing VM operation: RevokeBias done
Event: 701.622 Executing VM operation: G1CollectForAllocation
Event: 701.953 Executing VM operation: G1CollectForAllocation done
Event: 702.319 Executing VM operation: CGC_Operation
Event: 702.944 Executing VM operation: CGC_Operation done
Event: 703.261 Executing VM operation: CGC_Operation
Event: 703.262 Executing VM operation: CGC_Operation done


Dynamic libraries:
0x00007ff71d940000 - 0x00007ff71d94a000 	E:\android\jre\bin\java.exe
0x00007ffdb66b0000 - 0x00007ffdb68a5000 	C:\WINDOWS\SYSTEM32\ntdll.dll
0x00007ffdb4c10000 - 0x00007ffdb4cce000 	C:\WINDOWS\System32\KERNEL32.DLL
0x00007ffdb3f40000 - 0x00007ffdb4208000 	C:\WINDOWS\System32\KERNELBASE.dll
0x00007ffdb3dd0000 - 0x00007ffdb3ed0000 	C:\WINDOWS\System32\ucrtbase.dll
0x00007ffd9af00000 - 0x00007ffd9af19000 	E:\android\jre\bin\jli.dll
0x00007ffd93050000 - 0x00007ffd93067000 	E:\android\jre\bin\VCRUNTIME140.dll
0x00007ffdb4d60000 - 0x00007ffdb4f00000 	C:\WINDOWS\System32\USER32.dll
0x00007ffdb4210000 - 0x00007ffdb4232000 	C:\WINDOWS\System32\win32u.dll
0x00007ffda3790000 - 0x00007ffda3a2a000 	C:\WINDOWS\WinSxS\amd64_microsoft.windows.common-controls_6595b64144ccf1df_6.0.19041.1110_none_60b5254171f9507e\COMCTL32.dll
0x00007ffdb4d30000 - 0x00007ffdb4d5a000 	C:\WINDOWS\System32\GDI32.dll
0x00007ffdb4720000 - 0x00007ffdb47be000 	C:\WINDOWS\System32\msvcrt.dll
0x00007ffdb45d0000 - 0x00007ffdb46db000 	C:\WINDOWS\System32\gdi32full.dll
0x00007ffdb44a0000 - 0x00007ffdb453d000 	C:\WINDOWS\System32\msvcp_win.dll
0x00007ffdb4be0000 - 0x00007ffdb4c10000 	C:\WINDOWS\System32\IMM32.DLL
0x00007ffd7ecf0000 - 0x00007ffd7ed8d000 	E:\android\jre\bin\msvcp140.dll
0x00007ffd7d190000 - 0x00007ffd7dc65000 	E:\android\jre\bin\server\jvm.dll
0x00007ffdb5c90000 - 0x00007ffdb5d3e000 	C:\WINDOWS\System32\ADVAPI32.dll
0x00007ffdb6370000 - 0x00007ffdb640c000 	C:\WINDOWS\System32\sechost.dll
0x00007ffdb6410000 - 0x00007ffdb6535000 	C:\WINDOWS\System32\RPCRT4.dll
0x00007ffdb4710000 - 0x00007ffdb4718000 	C:\WINDOWS\System32\PSAPI.DLL
0x00007ffdac440000 - 0x00007ffdac44a000 	C:\WINDOWS\SYSTEM32\VERSION.dll
0x00007ffdaf820000 - 0x00007ffdaf847000 	C:\WINDOWS\SYSTEM32\WINMM.dll
0x00007ffdad420000 - 0x00007ffdad429000 	C:\WINDOWS\SYSTEM32\WSOCK32.dll
0x00007ffdb50c0000 - 0x00007ffdb512b000 	C:\WINDOWS\System32\WS2_32.dll
0x00007ffdb1c10000 - 0x00007ffdb1c22000 	C:\WINDOWS\SYSTEM32\kernel.appcore.dll
0x00007ffd9aee0000 - 0x00007ffd9aef1000 	E:\android\jre\bin\verify.dll
0x00007ffdaa9f0000 - 0x00007ffdaabd4000 	C:\WINDOWS\SYSTEM32\DBGHELP.DLL
0x00007ffdaa9c0000 - 0x00007ffdaa9ec000 	C:\WINDOWS\SYSTEM32\dbgcore.DLL
0x00007ffdb4540000 - 0x00007ffdb45c2000 	C:\WINDOWS\System32\bcryptPrimitives.dll
0x00007ffd8fcd0000 - 0x00007ffd8fcf9000 	E:\android\jre\bin\java.dll
0x00007ffdad410000 - 0x00007ffdad41b000 	E:\android\jre\bin\jimage.dll
0x00007ffd9aea0000 - 0x00007ffd9aeb8000 	E:\android\jre\bin\zip.dll
0x00007ffdb5540000 - 0x00007ffdb5c84000 	C:\WINDOWS\System32\SHELL32.dll
0x00007ffdb1ef0000 - 0x00007ffdb2684000 	C:\WINDOWS\SYSTEM32\windows.storage.dll
0x00007ffdb47c0000 - 0x00007ffdb4b14000 	C:\WINDOWS\System32\combase.dll
0x00007ffdb3840000 - 0x00007ffdb386c000 	C:\WINDOWS\SYSTEM32\Wldp.dll
0x00007ffdb4f00000 - 0x00007ffdb4fad000 	C:\WINDOWS\System32\SHCORE.dll
0x00007ffdb6240000 - 0x00007ffdb6295000 	C:\WINDOWS\System32\shlwapi.dll
0x00007ffdb3d10000 - 0x00007ffdb3d2f000 	C:\WINDOWS\SYSTEM32\profapi.dll
0x00007ffd939a0000 - 0x00007ffd939ba000 	E:\android\jre\bin\net.dll
0x00007ffdac300000 - 0x00007ffdac40a000 	C:\WINDOWS\SYSTEM32\WINHTTP.dll
0x00007ffdb35a0000 - 0x00007ffdb360a000 	C:\WINDOWS\system32\mswsock.dll
0x00007ffd903b0000 - 0x00007ffd903c4000 	E:\android\jre\bin\nio.dll
0x00007ffdad440000 - 0x00007ffdad467000 	C:\Users\Administrator\.gradle\native\8bec1ad78214c89d9ad589b4d07fe93259594b29d510b10fafb7a158f7737e5d\windows-amd64\native-platform.dll
0x00007ffd829f0000 - 0x00007ffd82b2d000 	C:\Users\Administrator\.gradle\native\53dbd7edfb1c66fb8903c78663c9afc45aea4f116125fa6feffd364cf09443e8\windows-amd64\native-platform-file-events.dll
0x00007ffd9c560000 - 0x00007ffd9c56a000 	E:\android\jre\bin\management.dll
0x00007ffd9a930000 - 0x00007ffd9a93d000 	E:\android\jre\bin\management_ext.dll
0x00007ffdb3790000 - 0x00007ffdb37a8000 	C:\WINDOWS\SYSTEM32\CRYPTSP.dll
0x00007ffdb2eb0000 - 0x00007ffdb2ee4000 	C:\WINDOWS\system32\rsaenh.dll
0x00007ffdb46e0000 - 0x00007ffdb4707000 	C:\WINDOWS\System32\bcrypt.dll
0x00007ffdb3cd0000 - 0x00007ffdb3cfe000 	C:\WINDOWS\SYSTEM32\USERENV.dll
0x00007ffdb37b0000 - 0x00007ffdb37bc000 	C:\WINDOWS\SYSTEM32\CRYPTBASE.dll
0x00007ffdb3240000 - 0x00007ffdb327b000 	C:\WINDOWS\SYSTEM32\IPHLPAPI.DLL
0x00007ffdb5530000 - 0x00007ffdb5538000 	C:\WINDOWS\System32\NSI.dll
0x00007ffdad7d0000 - 0x00007ffdad7e7000 	C:\WINDOWS\SYSTEM32\dhcpcsvc6.DLL
0x00007ffdad740000 - 0x00007ffdad75d000 	C:\WINDOWS\SYSTEM32\dhcpcsvc.DLL
0x00007ffdb3280000 - 0x00007ffdb334b000 	C:\WINDOWS\SYSTEM32\DNSAPI.dll
0x00007ffdb2ae0000 - 0x00007ffdb2b13000 	C:\WINDOWS\SYSTEM32\ntmarta.dll
0x00007ffd8c3b0000 - 0x00007ffd8c3d7000 	E:\android\jre\bin\sunec.dll
0x00007ffdac460000 - 0x00007ffdac46a000 	C:\Windows\System32\rasadhlp.dll
0x00007ffdab9e0000 - 0x00007ffdaba5f000 	C:\WINDOWS\System32\fwpuclnt.dll

dbghelp: loaded successfully - version: 4.0.5 - missing functions: none
symbol engine: initialized successfully - sym options: 0x614 - pdb path: .;E:\android\jre\bin;C:\WINDOWS\SYSTEM32;C:\WINDOWS\WinSxS\amd64_microsoft.windows.common-controls_6595b64144ccf1df_6.0.19041.1110_none_60b5254171f9507e;E:\android\jre\bin\server;C:\Users\Administrator\.gradle\native\8bec1ad78214c89d9ad589b4d07fe93259594b29d510b10fafb7a158f7737e5d\windows-amd64;C:\Users\Administrator\.gradle\native\53dbd7edfb1c66fb8903c78663c9afc45aea4f116125fa6feffd364cf09443e8\windows-amd64

VM Arguments:
jvm_args: --add-opens=java.base/java.util=ALL-UNNAMED --add-opens=java.base/java.lang=ALL-UNNAMED --add-opens=java.base/java.lang.invoke=ALL-UNNAMED --add-opens=java.base/java.util=ALL-UNNAMED --add-opens=java.prefs/java.util.prefs=ALL-UNNAMED --add-opens=java.prefs/java.util.prefs=ALL-UNNAMED --add-opens=java.base/java.nio.charset=ALL-UNNAMED --add-opens=java.base/java.net=ALL-UNNAMED --add-opens=java.base/java.util.concurrent.atomic=ALL-UNNAMED -Xmx2048m -Dfile.encoding=UTF-8 -Duser.country=CN -Duser.language=zh -Duser.variant 
java_command: org.gradle.launcher.daemon.bootstrap.GradleDaemon 7.0.2
java_class_path (initial): C:\Users\Administrator\.gradle\wrapper\dists\gradle-7.0.2-bin\857tjihv64xamwrf0h14cai3r\gradle-7.0.2\lib\gradle-launcher-7.0.2.jar
Launcher Type: SUN_STANDARD

[Global flags]
     intx CICompilerCount                          = 3                                         {product} {ergonomic}
     uint ConcGCThreads                            = 2                                         {product} {ergonomic}
     uint G1ConcRefinementThreads                  = 6                                         {product} {ergonomic}
   size_t G1HeapRegionSize                         = 1048576                                   {product} {ergonomic}
    uintx GCDrainStackTargetSize                   = 64                                        {product} {ergonomic}
   size_t InitialHeapSize                          = 132120576                                 {product} {ergonomic}
   size_t MarkStackSize                            = 4194304                                   {product} {ergonomic}
   size_t MaxHeapSize                              = 2147483648                                {product} {command line}
   size_t MaxNewSize                               = 1287651328                                {product} {ergonomic}
   size_t MinHeapDeltaBytes                        = 1048576                                   {product} {ergonomic}
    uintx NonNMethodCodeHeapSize                   = 5830732                                {pd product} {ergonomic}
    uintx NonProfiledCodeHeapSize                  = 122913754                              {pd product} {ergonomic}
    uintx ProfiledCodeHeapSize                     = 122913754                              {pd product} {ergonomic}
    uintx ReservedCodeCacheSize                    = 251658240                              {pd product} {ergonomic}
     bool SegmentedCodeCache                       = true                                      {product} {ergonomic}
     bool UseCompressedClassPointers               = true                                 {lp64_product} {ergonomic}
     bool UseCompressedOops                        = true                                 {lp64_product} {ergonomic}
     bool UseG1GC                                  = true                                      {product} {ergonomic}
     bool UseLargePagesIndividualAllocation        = false                                  {pd product} {ergonomic}

Logging:
Log output configuration:
 #0: stdout all=warning uptime,level,tags
 #1: stderr all=off uptime,level,tags

Environment Variables:
JAVA_HOME=E:\JDK8\
PATH=E:\python\Scripts\;E:\vm\bin\;E:\JDK8\bin\;C:\WINDOWS\system32;C:\WINDOWS;C:\WINDOWS\System32\Wbem;C:\WINDOWS\System32\WindowsPowerShell\v1.0\;C:\WINDOWS\System32\OpenSSH\;E:\apache-maven-3.8.4-bin\apache-maven-3.8.4\bin;E:\Vagrant\bin;E:\python\;E:\python\Tools\Scripts;E:\node\;C:\Program Files\dotnet\;C:\Users\Administrator\AppData\Local\Microsoft\WindowsApps;E:\IntelliJ IDEA 2020.3.4\bin;;E:\Microsoft VS Code\bin;C:\Users\Administrator\AppData\Roaming\npm;C:\Users\Administrator\.dotnet\tools;E:\modelsim\win64;E:\codeblack\CodeBlocks\MinGW\bin;
USERNAME=Administrator
OS=Windows_NT
PROCESSOR_IDENTIFIER=Intel64 Family 6 Model 158 Stepping 10, GenuineIntel



---------------  S Y S T E M  ---------------

OS: Windows 10 , 64 bit Build 19041 (10.0.19041.1645)
OS uptime: 5 days 21:05 hours

CPU:total 6 (initial active 6) (6 cores per cpu, 1 threads per core) family 6 model 158 stepping 10 microcode 0xb4, cmov, cx8, fxsr, mmx, sse, sse2, sse3, ssse3, sse4.1, sse4.2, popcnt, avx, avx2, aes, clmul, erms, 3dnowpref, lzcnt, tsc, tscinvbit, bmi1, bmi2, adx, fma

Memory: 4k page, system-wide physical 8039M (201M free)
TotalPageFile size 20839M (AvailPageFile size 0M)
current process WorkingSet (physical memory assigned to process): 313M, peak: 614M
current process commit charge ("private bytes"): 614M, peak: 644M

vm_info: OpenJDK 64-Bit Server VM (11.0.11+9-b60-7590822) for windows-amd64 JRE (11.0.11+9-b60-7590822), built on Jul 29 2021 21:43:44 by "builder" with MS VC++ 14.0 (VS2015)

END.
